113 4906
128 4875
143 4856
123 4865
138 4843
143 4794
144 4740
131 4738
133 4697
137 4678
136 4650
106 4639
137 4634
148 4588
151 4568
176 4516
154 4482
146 4436
154 4417
149 4415
152 4373
181 4333
190 4304
215 4211
204 4141
207 4111
209 4070
186 4015
152 4031
134 4038
142 4070
146 4076
155 4054
182 4054
204 4024
248 3979
267 3880
252 3785
215 3743
209 3747
191 3708
163 3698
179 3688
165 3700
132 3715
101 3746
114 3795
123 3820
141 3838
169 3837
164 3846
161 3833
154 3809
183 3786
195 3756
204 3729
211 3717
200 3710
242 3655
206 3612
224 3586
207 3583
226 3518
212 3481
185 3450
159 3465
154 3469
163 3485
203 3470
210 3452
220 3413
215 3403
218 3373
222 3382
202 3348
212 3323
214 3289
278 3202
280 3139
258 3102
256 3050
199 3066
167 3055
152 3097
181 3122
214 3121
234 3073
206 3086
170 3126
129 3175
122 3239
108 3327
98 3404
107 3454
108 3532
127 3580
160 3628
180 3625
189 3592
180 3578
198 3568
204 3544
226 3509
236 3476
193 3442
187 3452
214 3409
212 3387
167 3395
163 3433
169 3435
204 3413
183 3393
205 3414
179 3420
184 3436
184 3420
184 3396
174 3405
217 3406
199 3379
223 3360
200 3332
206 3318
241 3301
206 3258
214 3266
190 3246
177 3249
181 3257
140 3299
125 3350
170 3361
193 3383
191 3388
187 3359
178 3362
170 3382
177 3389
175 3409
166 3451
181 3462
186 3497
195 3458
221 3473
227 3477
225 3386
209 3392
211 3407
204 3396
225 3352
207 3332
219 3301
215 3304
228 3278
185 3240
187 3238
207 3250
206 3250
207 3213
214 3207
225 3162
216 3148
182 3142
172 3130
156 3173
117 3225
126 3264
131 3324
156 3389
155 3447
182 3472
163 3477
142 3479
130 3524
118 3577
107 3637
127 3687
162 3722
201 3705
237 3670
274 3580
288 3494
288 3345
281 3279
311 3184
294 3113
240 3056
227 3019
229 3006
217 2980
206 2993
197 3014
200 3039
188 3051
163 3086
150 3111
146 3159
131 3189
126 3231
136 3269
133 3330
126 3392
100 3449
115 3535
136 3597
151 3632
157 3653
158 3679
148 3714
152 3731
148 3740
194 3725
239 3658
276 3588
278 3495
304 3365
322 3290
299 3185
327 3088
328 3009
310 2911
275 2846
258 2809
239 2773
257 2764
222 2741
204 2738
194 2789
202 2829
182 2840
128 2870
103 2954
120 3048
126 3097
118 3172
125 3236
129 3264
122 3332
144 3370
139 3404
110 3447
130 3500
138 3541
168 3573
170 3564
164 3589
173 3571
216 3568
224 3521
188 3473
211 3499
212 3469
241 3442
238 3389
211 3382
207 3362
186 3319
195 3312
187 3301
181 3299
165 3305
156 3322
148 3326
182 3399
186 3407
204 3408
224 3376
226 3331
214 3338
199 3334
230 3313
190 3295
189 3315
176 3335
157 3368
154 3396
141 3424
149 3427
146 3456
137 3480
114 3541
142 3577
117 3629
123 3682
136 3700
148 3759
161 3778
184 3767
176 3759
230 3738
207 3672
192 3648
173 3626
171 3631
200 3627
171 3639
165 3636
177 3652
190 3650
167 3618
173 3628
167 3624
211 3603
178 3572
211 3569
193 3565
240 3553
212 3501
193 3498
190 3458
172 3476
187 3443
184 3441
189 3424
150 3471
131 3537
154 3578
154 3640
160 3627
166 3660
160 3670
167 3683
168 3685
199 3699
213 3655
210 3632
221 3565
250 3501
257 3457
215 3421
206 3424
195 3425
195 3404
192 3408
210 3387
195 3399
187 3375
212 3369
236 3308
195 3277
208 3274
220 3263
223 3231
217 3239
199 3197
197 3199
185 3199
161 3211
167 3226
175 3257
160 3304
176 3319
207 3328
211 3327
200 3295
176 3318
210 3324
237 3277
227 3214
238 3158
224 3135
214 3143
214 3142
201 3125
184 3093
157 3130
171 3167
145 3201
151 3237
122 3295
145 3336
132 3374
127 3435
116 3471
123 3550
117 3589
118 3646
156 3687
174 3696
187 3705
232 3683
259 3603
260 3538
262 3494
241 3400
238 3356
254 3308
230 3263
257 3203
247 3145
228 3121
224 3076
199 3078
193 3102
170 3120
145 3178
140 3222
135 3270
145 3318
162 3333
183 3348
196 3301
188 3291
195 3283
183 3307
214 3318
206 3291
198 3271
181 3293
118 3307
157 3362
147 3401
149 3414
155 3451
157 3487
172 3494
200 3483
219 3438
208 3443
210 3406
183 3402
157 3408
153 3453
127 3500
134 3542
118 3612
116 3703
129 3712
162 3721
217 3702
233 3680
252 3655
272 3551
253 3462
249 3394
263 3326
232 3308
252 3256
222 3252
238 3222
195 3203
193 3209
173 3223
183 3237
203 3230
190 3210
147 3230
150 3287
133 3354
148 3384
135 3429
119 3479
115 3541
154 3583
169 3603
186 3606
177 3603
171 3598
135 3627
124 3668
129 3712
141 3731
136 3743
166 3774
224 3735
249 3673
267 3574
247 3510
239 3444
215 3407
263 3326
221 3310
220 3331
213 3341
206 3336
205 3332
203 3306
228 3311
261 3264
258 3187
245 3128
241 3091
204 3073
171 3079
176 3087
191 3102
194 3091
175 3099
188 3088
195 3094
171 3096
154 3141
154 3180
148 3233
149 3247
153 3259
156 3290
165 3318
184 3331
