0
-0.42678
-0.84291
-1.25855
-1.67182
-2.08094
-2.48309
-2.87406
-3.24793
-3.59701
-3.91238
-4.18543
-4.41014
-4.5851
-4.71406
-4.80452
-4.86539
-4.90497
-4.92992
-4.94495
-4.95312
-4.95615
-4.95478
-4.94908
-4.93866
-4.92283
-4.90084
-4.87199
-4.83591
-4.79281
-4.74378
-4.69107
-4.6383
-4.5903
-4.55264
-4.53052
-4.52735
-4.5435
-4.57597
-4.61936
-4.66765
-4.71595
-4.76135
-4.80299
-4.84153
-4.87837
-4.91494
-4.95238
-4.99131
-5.03196
-5.07422
-5.11784
-5.16249
-5.20786
-5.25366
-5.29971
-5.34587
-5.39209
-5.43837
-5.48474
-5.53125
-5.57798
-5.62498
-5.6723
-5.71997
-5.76801
-5.81643
-5.86521
-5.91434
-5.96381
-6.01358
-6.06362
-6.1139
-6.16439
-6.21505
-6.26586
-6.31677
-6.36775
-6.41877
-6.4698
-6.5208
-6.57175
-6.62262
-6.67339
-6.72403
-6.77452
-6.82484
-6.87497
-6.9249
-6.97459
-7.02403
-7.07319
-7.12204
-7.17056
-7.21871
-7.26645
-7.31373
-7.36051
-7.40672
-7.45231
-7.49719
-7.54128
-7.5845
-7.62673
-7.66786
-7.70777
-7.74632
-7.78337
-7.81876
-7.85235
-7.88396
-7.91346
-7.94069
-7.96555
-7.98795
-8.00787
-8.02533
-8.04046
-8.05346
-8.06466
-8.0745
-8.08355
-8.09247
-8.10201
-8.11295
-8.12607
-8.14207
-8.16151
-8.18479
-8.21211
-8.24346
-8.27865
-8.31738
-8.35923
-8.40378
-8.45059
-8.49928
-8.54949
-8.60095
-8.6534
-8.70664
-8.76052
-8.81488
-8.86961
-8.9246
-8.97978
-9.03506
-9.09039
-9.14573
-9.20102
-9.25626
-9.31141
-9.36646
-9.42142
-9.47628
-9.53104
-9.5857
-9.64028
-9.69478
-9.7492
-9.80357
-9.85787
-9.91213
-9.96634
-10.0205
-10.0747
-10.1288
-10.1829
-10.2369
-10.291
-10.3451
-10.3991
-10.4531
-10.5071
-10.5612
-10.6152
-10.6692
-10.7232
-10.7772
-10.8312
-10.8851
-10.9391
-10.9931
-11.0471
-11.101
-11.155
-11.2089
-11.2628
-11.3167
-11.3706
-11.4245
-11.4783
-11.5321
-11.5858
-11.6395
-11.6931
-11.7466
-11.8001
-11.8534
-11.9066
-11.9596
-12.0124
-12.0649
-12.1172
-12.169
-12.2205
-12.2714
-12.3216
-12.3711
-12.4196
-12.4669
-12.5129
-12.5573
-12.5996
-12.6397
-12.6769
-12.7108
-12.7408
-12.7664
-12.7868
-12.8014
-12.8096
-12.811
-12.8052
-12.7925
-12.7735
-12.7495
-12.7227
-12.6959
-12.6728
-12.657
-12.6518
-12.6593
-12.68
-12.7125
-12.7541
-12.8014
-12.8516
-12.9023
-12.9525
-13.0017
-13.0504
-13.0988
-13.1476
-13.197
-13.2472
-13.2982
-13.3498
-13.4019
-13.4541
-13.5064
-13.5585
-13.6101
-13.6613
-13.7118
-13.7616
-13.8106
-13.8589
-13.9065
-13.9533
-13.9994
-14.0449
-14.0898
-14.1341
-14.1779
-14.2212
-14.2642
-14.3068
-14.3491
-14.3912
-14.4329
-14.4745
-14.5159
-14.5571
-14.5982
-14.6391
-14.6798
-14.7204
-14.7609
-14.8012
-14.8413
-14.8813
-14.9211
-14.9607
-15.0001
-15.0393
-15.0782
-15.1169
-15.1553
-15.1935
-15.2313
-15.2689
-15.3061
-15.3429
-15.3795
-15.4156
-15.4514
-15.4868
-15.5218
-15.5564
-15.5906
-15.6244
-15.6579
-15.691
-15.7237
-15.7561
-15.7881
-15.8199
-15.8514
-15.8828
-15.9139
-15.9449
-15.9759
-16.0068
-16.0377
-16.0687
-16.0999
-16.1312
-16.1628
-16.1946
-16.2268
-16.2594
-16.2923
-16.3257
-16.3596
-16.3939
-16.4286
-16.4639
-16.4996
-16.5357
-16.5723
-16.6094
-16.6468
-16.6846
-16.7227
-16.7611
-16.7997
-16.8386
-16.8777
-16.917
-16.9563
-16.9958
-17.0353
-17.0747
-17.1142
-17.1536
-17.1929
-17.232
-17.271
-17.3098
-17.3484
-17.3867
-17.4247
-17.4624
-17.4997
-17.5366
-17.5732
-17.6093
-17.645
-17.6802
-17.7149
-17.7491
-17.7828
-17.816
-17.8486
-17.8808
-17.9124
-17.9435
-17.9742
-18.0045
-18.0344
-18.0639
-18.0931
-18.1222
-18.1511
-18.1799
-18.2088
-18.2378
-18.2669
-18.2964
-18.3262
-18.3564
-18.3872
-18.4185
-18.4505
-18.4831
-18.5164
-18.5504
-18.5852
-18.6207
-18.6569
-18.6937
-18.7312
-18.7693
-18.808
-18.8472
-18.8868
-18.9269
-18.9673
-19.0081
-19.0491
-19.0902
-19.1316
-19.173
-19.2145
-19.256
-19.2975
-19.3389
-19.3801
-19.4212
-19.4621
-19.5028
-19.5432
-19.5833
-19.623
-19.6623
-19.7011
-19.7396
-19.7774
-19.8148
-19.8516
-19.8877
-19.9232
-19.958
-19.9921
-20.0254
-20.058
-20.0899
-20.1209
-20.1512
-20.1807
-20.2096
-20.2377
-20.2653
-20.2923
-20.3188
-20.345
-20.371
-20.3968
-20.4228
-20.4489
-20.4753
-20.5022
-20.5298
-20.5581
-20.5873
-20.6174
-20.6486
-20.6809
-20.7143
-20.7488
-20.7844
-20.8211
-20.8588
-20.8974
-20.937
-20.9774
-21.0185
-21.0603
-21.1027
-21.1455
-21.1888
-21.2324
-21.2763
-21.3204
-21.3646
-21.4089
-21.4533
-21.4976
-21.5418
-21.586
-21.6299
-21.6737
-21.7172
-21.7605
-21.8034
-21.8459
-21.8881
-21.9297
-21.9709
-22.0115
-22.0515
-22.0909
-22.1295
-22.1674
-22.2044
-22.2406
-22.2758
-22.31
-22.3432
-22.3753
-22.4062
-22.436
-22.4645
-22.4919
-22.5182
-22.5433
-22.5675
-22.5907
-22.6131
-22.6349
-22.6563
-22.6775
-22.6988
-22.7205
-22.7428
-22.766
-22.7903
-22.816
-22.8432
-22.8721
-22.9028
-22.9353
-22.9697
-23.0057
-23.0435
-23.0827
-23.1235
-23.1655
-23.2087
-23.2529
-23.2979
-23.3437
-23.3902
-23.4371
-23.4845
-23.5322
-23.5801
-23.6282
-23.6764
-23.7246
-23.7729
-23.821
-23.8691
-23.917
-23.9648
-24.0124
-24.0597
-24.1068
-24.1536
-24.2001
-24.2461
-24.2918
-24.3371
-24.3818
-24.426
-24.4696
-24.5125
-24.5547
-24.596
-24.6365
-24.6759
-24.7143
-24.7514
-24.7872
-24.8216
-24.8545
-24.8857
-24.9151
-24.9427
-24.9684
-24.9921
-25.0139
-25.0338
-25.0519
-25.0684
-25.0836
-25.0978
-25.1114
-25.1249
-25.1389
-25.1538
-25.1702
-25.1888
-25.2098
-25.2336
-25.2605
-25.2906
-25.3237
-25.3599
-25.3988
-25.4401
-25.4837
-25.5292
-25.5762
-25.6247
-25.6742
-25.7247
-25.7759
-25.8278
-25.8801
-25.9327
-25.9856
-26.0387
-26.0918
-26.1451
-26.1983
-26.2515
-26.3046
-26.3577
-26.4107
-26.4635
-26.5163
-26.5689
-26.6214
-26.6739
-26.7261
-26.7783
-26.8303
-26.8822
-26.934
-26.9856
-27.0371
-27.0883
-27.1394
-27.1903
-27.2409
-27.2912
-27.3412
-27.3908
-27.44
-27.4886
-27.5367
-27.5841
-27.6308
-27.6765
-27.7212
-27.7648
-27.8069
-27.8475
-27.8862
-27.923
-27.9574
-27.9892
-28.0182
-28.044
-28.0664
-28.0851
-28.1
-28.111
-28.1182
-28.122
-28.1227
-28.1212
-28.1184
-28.1157
-28.1144
-28.1161
-28.1222
-28.1339
-28.1519
-28.1765
-28.2076
-28.2445
-28.2863
-28.3321
-28.3809
-28.4319
-28.4846
-28.5385
-28.5933
-28.6489
-28.705
-28.7616
-28.8187
-28.876
-28.9335
-28.9912
-29.0488
-29.1064
-29.1639
-29.2212
-29.2783
-29.3351
-29.3916
-29.4477
-29.5035
-29.5589
-29.6139
-29.6685
-29.7226
-29.7762
-29.8293
-29.8819
-29.9338
-29.9851
-30.0356
-30.0854
-30.1343
-30.1822
-30.2292
-30.2749
-30.3195
-30.3626
-30.4042
-30.4442
-30.4824
-30.5187
-30.5528
-30.5847
-30.6143
-30.6413
-30.6659
-30.6878
-30.7073
-30.7243
-30.7392
-30.7522
-30.7639
-30.7746
-30.7852
-30.7962
-30.8085
-30.8229
-30.8399
-30.8601
-30.884
-30.9117
-30.9433
-30.9785
-31.0171
-31.0588
-31.103
-31.1495
-31.1979
-31.2478
-31.2989
-31.351
-31.4039
-31.4575
-31.5115
-31.5659
-31.6206
-31.6755
-31.7305
-31.7856
-31.8406
-31.8956
-31.9506
-32.0055
-32.0603
-32.115
-32.1696
-32.2241
-32.2785
-32.3329
-32.3871
-32.4413
-32.4954
-32.5495
-32.6035
-32.6575
-32.7114
-32.7653
-32.8192
-32.8731
-32.9269
-32.9807
-33.0344
-33.0882
-33.1419
-33.1957
-33.2493
-33.303
-33.3566
-33.4102
-33.4638
-33.5172
-33.5707
-33.624
-33.6773
-33.7305
-33.7835
-33.8364
-33.8891
-33.9416
-33.9939
-34.0459
-34.0975
-34.1486
-34.1993
-34.2494
-34.2987
-34.3472
-34.3946
-34.4408
-34.4856
-34.5287
-34.5697
-34.6084
-34.6443
-34.6769
-34.7059
-34.7306
-34.7506
-34.7653
-34.7744
-34.7775
-34.7746
-34.766
-34.7524
-34.735
-34.7158
-34.6972
-34.6819
-34.6728
-34.6724
-34.6824
-34.7034
-34.7344
-34.7738
-34.8193
-34.8686
-34.9199
-34.972
-35.0243
-35.0766
-35.129
-35.1817
-35.2349
-35.2886
-35.3429
-35.3977
-35.4527
-35.5079
-35.563
-35.6179
-35.6725
-35.7266
-35.7801
-35.8329
-35.885
-35.9362
-35.9866
-36.0361
-36.0848
-36.1324
-36.1792
-36.225
-36.2699
-36.3138
-36.3568
-36.3989
-36.4401
-36.4804
-36.5199
-36.5585
-36.5963
-36.6334
-36.6697
-36.7053
-36.7404
-36.7748
-36.8087
-36.8422
-36.8754
-36.9082
-36.9408
-36.9732
-37.0056
-37.038
-37.0704
-37.103
-37.1358
-37.1689
-37.2023
-37.2361
-37.2703
-37.3049
-37.3399
-37.3755
-37.4115
-37.4479
-37.4848
-37.5222
-37.5599
-37.5981
-37.6366
-37.6754
-37.7146
-37.7539
-37.7935
-37.8333
-37.8732
-37.9132
-37.9532
-37.9933
-38.0333
-38.0733
-38.1132
-38.153
-38.1926
-38.232
-38.2712
-38.3101
-38.3487
-38.387
-38.4249
-38.4625
-38.4996
-38.5362
-38.5724
-38.6081
-38.6433
-38.6779
-38.712
-38.7454
-38.7784
-38.8107
-38.8425
-38.8736
-38.9043
-38.9344
-38.9641
-38.9933
-39.0222
-39.0508
-39.0791
-39.1073
-39.1354
-39.1636
-39.192
-39.2206
-39.2495
-39.2789
-39.3088
-39.3393
-39.3705
-39.4024
-39.435
-39.4685
-39.5028
-39.5379
-39.5738
-39.6104
-39.6479
-39.686
-39.7247
-39.7641
-39.804
-39.8444
-39.8852
-39.9263
-39.9678
-40.0095
-40.0515
-40.0935
-40.1357
-40.1779
-40.2201
-40.2622
-40.3042
-40.3461
-40.3878
-40.4293
-40.4705
-40.5114
-40.552
-40.5922
-40.6319
-40.6712
-40.7099
-40.7482
-40.7858
-40.8228
-40.8591
-40.8947
-40.9296
-40.9636
-40.9969
-41.0293
-41.0609
-41.0916
-41.1214
-41.1504
-41.1786
-41.206
-41.2327
-41.2588
-41.2844
-41.3096
-41.3345
-41.3593
-41.3841
-41.4092
-41.4347
-41.4607
-41.4875
-41.5152
-41.5439
-41.5738
-41.6048
-41.637
-41.6706
-41.7054
-41.7414
-41.7787
-41.817
-41.8565
-41.8969
