1.09861
0.823205
0.807729
0.793005
0.7775
0.760316
0.740993
0.719359
0.695426
0.669316
0.641209
0.611315
0.579847
0.547015
0.513013
0.478019
0.442194
0.405678
0.368599
0.331067
0.293179
0.255023
0.216675
0.178207
0.139682
0.101161
0.0627012
0.0243578
-0.0138146
-0.0517616
-0.0894281
-0.126758
-0.163693
-0.200176
-0.236144
-0.271536
-0.306288
-0.340337
-0.373621
-0.406078
-0.437652
-0.468291
-0.497952
-0.526601
-0.554222
-0.580812
-0.606392
-0.631007
-0.65473
-0.677663
-0.699943
-0.721736
-0.743242
-0.764686
-0.786317
-0.808396
-0.831188
-0.854952
-0.879925
-0.906317
-0.934298
-0.963989
-0.995464
-1.02875
-1.06381
-1.1006
-1.13901
-1.17892
-1.22021
-1.26272
-1.30633
-1.35088
-1.39625
-1.44232
-1.48897
-1.53611
-1.58362
-1.63144
-1.67948
-1.72767
-1.77596
-1.82428
-1.87259
-1.92085
-1.96901
-2.01703
-2.06489
-2.11255
-2.15997
-2.20713
-2.254
-2.30053
-2.3467
-2.39247
-2.43778
-2.4826
-2.52687
-2.57053
-2.61351
-2.65576
-2.69718
-2.73769
-2.7772
-2.8156
-2.85281
-2.88869
-2.92314
-2.95605
-2.9873
-3.01679
-3.04444
-3.07018
-3.09396
-3.11581
-3.13576
-3.15394
-3.17052
-3.18577
-3.20002
-3.2137
-3.22728
-3.24132
-3.25637
-3.273
-3.29173
-3.31301
-3.33716
-3.36442
-3.39485
-3.4284
-3.46492
-3.50416
-3.54584
-3.58966
-3.63529
-3.68248
-3.73095
-3.78048
-3.8309
-3.88203
-3.93374
-3.9859
-4.03841
-4.09119
-4.14415
-4.19724
-4.25038
-4.30354
-4.35668
-4.40978
-4.4628
-4.51573
-4.56857
-4.62131
-4.67393
-4.72644
-4.77883
-4.8311
-4.88325
-4.93527
-4.98717
-5.03892
-5.09053
-5.14197
-5.19324
-5.24431
-5.29515
-5.34575
-5.39606
-5.44604
-5.49565
-5.54482
-5.59349
-5.64158
-5.689
-5.73565
-5.7814
-5.82612
-5.86965
-5.91181
-5.95241
-5.99121
-6.02799
-6.06246
-6.09436
-6.1234
-6.14928
-6.17173
-6.19053
-6.2055
-6.2166
-6.2239
-6.22767
-6.22842
-6.22689
-6.22412
-6.22139
-6.22018
-6.22203
-6.22841
-6.24053
-6.25922
-6.28476
-6.31694
-6.35506
-6.39814
-6.44509
-6.49489
-6.54667
-6.59981
-6.65392
-6.70875
-6.76418
-6.82013
-6.87653
-6.93333
-6.99045
-7.04779
-7.10528
-7.16282
-7.22032
-7.27772
-7.33494
-7.39194
-7.44868
-7.5051
-7.5612
-7.61693
-7.67227
-7.72721
-7.78171
-7.83575
-7.8893
-7.94232
-7.99478
-8.04663
-8.09781
-8.14828
-8.19795
-8.24676
-8.29463
-8.34146
-8.38715
-8.43158
-8.47463
-8.51616
-8.55605
-8.59414
-8.63027
-8.6643
-8.69609
-8.7255
-8.75243
-8.77681
-8.79861
-8.81787
-8.83473
-8.84939
-8.86218
-8.87354
-8.88404
-8.89432
-8.90512
-8.91721
-8.93136
-8.94825
-8.96846
-8.99236
-9.02018
-9.0519
-9.08735
-9.12622
-9.16811
-9.21258
-9.25922
-9.30764
-9.35752
-9.40858
-9.46059
-9.51338
-9.56679
-9.62069
-9.67498
-9.72956
-9.78434
-9.83926
-9.89425
-9.94926
-10.0042
-10.0592
-10.1141
-10.1689
-10.2236
-10.2782
-10.3327
-10.3871
-10.4414
-10.4957
-10.5499
-10.604
-10.6581
-10.7121
-10.7661
-10.82
-10.8739
-10.9278
-10.9816
-11.0354
-11.0892
-11.143
-11.1968
-11.2505
-11.3042
-11.3579
-11.4115
-11.4652
-11.5188
-11.5723
-11.6258
-11.6792
-11.7326
-11.7858
-11.839
-11.8921
-11.945
-11.9977
-12.0502
-12.1025
-12.1544
-12.206
-12.2572
-12.3079
-12.358
-12.4074
-12.4559
-12.5034
-12.5497
-12.5945
-12.6377
-12.6788
-12.7176
-12.7537
-12.7865
-12.8157
-12.8406
-12.8609
-12.8759
-12.8852
-12.8886
-12.886
-12.8777
-12.8643
-12.8473
-12.8283
-12.8099
-12.795
-12.7866
-12.7873
-12.7988
-12.8219
-12.8556
-12.8982
-12.9469
-12.9991
-13.0528
-13.1065
-13.1596
-13.2121
-13.2642
-13.3164
-13.3689
-13.422
-13.4757
-13.5298
-13.5843
-13.639
-13.6937
-13.7483
-13.8024
-13.8561
-13.9093
-13.9617
-14.0134
-14.0642
-14.1142
-14.1633
-14.2115
-14.2588
-14.3052
-14.3506
-14.395
-14.4385
-14.4811
-14.5228
-14.5636
-14.6035
-14.6425
-14.6807
-14.7181
-14.7547
-14.7906
-14.8258
-14.8604
-14.8944
-14.9279
-14.961
-14.9937
-15.0261
-15.0582
-15.0903
-15.1222
-15.1541
-15.1862
-15.2184
-15.2507
-15.2834
-15.3164
-15.3498
-15.3836
-15.4178
-15.4525
-15.4876
-15.5232
-15.5593
-15.5959
-15.6329
-15.6703
-15.7081
-15.7462
-15.7847
-15.8235
-15.8625
-15.9018
-15.9412
-15.9808
-16.0205
-16.0602
-16.1
-16.1397
-16.1794
-16.219
-16.2584
-16.2977
-16.3369
-16.3757
-16.4143
-16.4527
-16.4906
-16.5283
-16.5655
-16.6023
-16.6387
-16.6745
-16.7099
-16.7448
-16.7791
-16.8128
-16.8459
-16.8785
-16.9105
-16.9419
-16.9727
-17.003
-17.0328
-17.0621
-17.0909
-17.1194
-17.1476
-17.1755
-17.2033
-17.231
-17.2588
-17.2867
-17.3149
-17.3434
-17.3724
-17.4019
-17.432
-17.4628
-17.4943
-17.5266
-17.5597
-17.5936
-17.6284
-17.6639
-17.7002
-17.7373
-17.7751
-17.8135
-17.8525
-17.8921
-17.9322
-17.9727
-18.0135
-18.0547
-18.0961
-18.1378
-18.1795
-18.2214
-18.2633
-18.3052
-18.3471
-18.3889
-18.4305
-18.4719
-18.5131
-18.5541
-18.5947
-18.635
-18.675
-18.7145
-18.7535
-18.792
-18.8299
-18.8673
-18.904
-18.9401
-18.9754
-19.01
-19.0437
-19.0767
-19.1088
-19.1401
-19.1704
-19.1999
-19.2286
-19.2564
-19.2835
-19.3098
-19.3355
-19.3607
-19.3855
-19.41
-19.4344
-19.4588
-19.4835
-19.5085
-19.5342
-19.5606
-19.5879
-19.6162
-19.6456
-19.6763
-19.7082
-19.7414
-19.7759
-19.8116
-19.8485
-19.8866
-19.9257
-19.9658
-20.0068
-20.0486
-20.091
-20.1341
-20.1777
-20.2217
-20.266
-20.3106
-20.3555
-20.4004
-20.4455
-20.4906
-20.5356
-20.5806
-20.6254
-20.6701
-20.7146
-20.7589
-20.8028
-20.8464
-20.8897
-20.9325
-20.9749
-21.0168
-21.0581
-21.0988
-21.1388
-21.1781
-21.2165
-21.2542
-21.2909
-21.3266
-21.3612
-21.3947
-21.427
-21.458
-21.4877
-21.5161
-21.5432
-21.5688
-21.5932
-21.6163
-21.6383
-21.6592
-21.6793
-21.6988
-21.718
-21.7371
-21.7565
-21.7765
-21.7975
-21.8196
-21.8434
-21.8689
-21.8963
-21.9259
-21.9575
-21.9912
-22.027
-22.0647
-22.1042
-22.1452
-22.1878
-22.2316
-22.2765
-22.3224
-22.3691
-22.4165
-22.4644
-22.5128
-22.5615
-22.6105
-22.6596
-22.7089
-22.7583
-22.8077
-22.857
-22.9063
-22.9554
-23.0045
-23.0533
-23.102
-23.1504
-23.1986
-23.2465
-23.2941
-23.3414
-23.3883
-23.4349
-23.4809
-23.5265
-23.5714
-23.6158
-23.6595
-23.7024
-23.7444
-23.7855
-23.8254
-23.8642
-23.9017
-23.9377
-23.9721
-24.0047
-24.0355
-24.0643
-24.0909
-24.1153
-24.1373
-24.1571
-24.1746
-24.19
-24.2035
-24.2154
-24.2261
-24.2362
-24.2463
-24.2571
-24.2692
-24.2835
-24.3006
-24.3209
-24.3448
-24.3726
-24.4041
-24.4393
-24.4778
-24.5193
-24.5633
-24.6095
-24.6575
-24.707
-24.7576
-24.8092
-24.8616
-24.9147
-24.9682
-25.0222
-25.0764
-25.1308
-25.1854
-25.24
-25.2947
-25.3494
-25.404
-25.4585
-25.513
-25.5674
-25.6216
-25.6758
-25.7299
-25.7839
-25.8379
-25.8917
-25.9455
-25.9992
-26.0529
-26.1065
-26.1601
-26.2136
-26.2671
-26.3205
-26.3739
-26.4273
-26.4806
-26.5338
-26.587
-26.6401
-26.6931
-26.7461
-26.7989
-26.8516
-26.9041
-26.9565
-27.0086
-27.0605
-27.1122
-27.1634
-27.2143
-27.2646
-27.3144
-27.3635
-27.4117
-27.459
-27.5052
-27.5501
-27.5934
-27.6349
-27.6742
-27.7111
-27.7451
-27.7759
-27.8029
-27.8258
-27.8442
-27.8575
-27.8657
-27.8685
-27.8661
-27.859
-27.848
-27.8346
-27.8206
-27.8082
-27.7999
-27.7981
-27.8049
-27.8213
-27.8477
-27.8831
-27.926
-27.9742
-28.0257
-28.079
-28.1328
-28.1868
-28.2407
-28.2946
-28.3488
-28.4034
-28.4585
-28.514
-28.5699
-28.626
-28.6822
-28.7384
-28.7944
-28.8501
-28.9054
-28.9602
-29.0143
-29.0678
-29.1205
-29.1725
-29.2236
-29.2739
-29.3232
-29.3716
-29.4191
-29.4655
-29.5109
-29.5551
-29.5983
-29.6403
-29.6812
-29.7208
-29.7592
-29.7964
-29.8324
-29.8671
-29.9006
-29.9329
-29.9642
-29.9943
-30.0235
-30.0519
-30.0795
-30.1065
-30.1331
-30.1594
-30.1857
-30.2121
-30.2388
-30.2661
-30.294
-30.3227
-30.3525
-30.3833
-30.4152
-30.4483
-30.4827
-30.5183
-30.555
-30.5929
-30.6318
-30.6717
-30.7125
-30.7541
-30.7965
-30.8394
-30.8829
-30.9269
-30.9712
-31.0158
-31.0607
-31.1057
-31.1508
-31.196
-31.2412
-31.2863
-31.3313
-31.3762
-31.4209
-31.4653
-31.5095
-31.5534
-31.5969
-31.64
-31.6827
-31.7249
-31.7666
-31.8076
-31.8481
-31.8878
-31.9268
-31.9649
-32.0021
-32.0384
-32.0736
-32.1078
-32.1407
-32.1724
-32.2028
-32.2319
-32.2597
-32.286
-32.311
-32.3347
-32.3572
-32.3786
-32.3991
-32.4188
-32.438
-32.457
-32.4761
-32.4957
-32.516
-32.5374
-32.5603
-32.5848
-32.6112
-32.6396
-32.6701
-32.7028
-32.7375
-32.7742
-32.8129
-32.8532
-32.8951
-32.9383
-32.9827
-33.0282
-33.0746
-33.1217
-33.1694
-33.2176
-33.2662
-33.3152
-33.3643
-33.4136
-33.463
-33.5125
-33.5619
-33.6113
-33.6606
-33.7097
-33.7588
-33.8076
-33.8562
-33.9046
-33.9528
-34.0006
-34.0482
-34.0954
-34.1422
-34.1886
-34.2345
-34.2799
-34.3247
-34.3689
-34.4123
-34.4549
-34.4966
-34.5373
-34.5769
-34.6152
-34.6522
-34.6876
-34.7214
-34.7533
-34.7833
-34.8112
-34.837
-34.8604
-34.8815
-34.9003
-34.9169
-34.9314
-34.944
-34.9552
-34.9655
-34.9753
-34.9854
-34.9965
-35.0093
-35.0245
-35.0427
-35.0643
-35.0897
-35.119
-35.1521
-35.1887
-35.2286
-35.2712
-35.3163
-35.3633
-35.412
-35.4621
-35.5132
-35.5653
-35.6181
-35.6714
-35.7252
-35.7793
-35.8337
-35.8883
-35.943
-35.9977
-36.0525
-36.1072
-36.1619
-36.2165
-36.271
-36.3254
-36.3797
-36.4339
-36.488
-36.5421
-36.5961
-36.65
-36.7038
-36.7576
-36.8113
-36.865
-36.9186
-36.9722
-37.0258
-37.0793
-37.1328
-37.1862
-37.2396
-37.2929
-37.3462
-37.3995
-37.4526
-37.5057
-37.5587
-37.6115
-37.6643
-37.7169
