1.09861
0.198634
0.174114
0.149207
0.122572
0.0932379
0.0605432
0.0240831
-0.0163393
-0.0607518
-0.109046
-0.161005
-0.216327
-0.274644
-0.335543
-0.398579
-0.46329
-0.529215
-0.595896
-0.6629
-0.729817
-0.796277
-0.861947
-0.926539
-0.989811
-1.05156
-1.11164
-1.16993
-1.22634
-1.28082
-1.33334
-1.38387
-1.43242
-1.47897
-1.52354
-1.56611
-1.60668
-1.64523
-1.68175
-1.71621
-1.74855
-1.77875
-1.80675
-1.83252
-1.856
-1.87716
-1.896
-1.91251
-1.92674
-1.93875
-1.94866
-1.95667
-1.96299
-1.96796
-1.97193
-1.97539
-1.97886
-1.98296
-1.98834
-1.99573
-2.00586
-2.01948
-2.03733
-2.06009
-2.08837
-2.12271
-2.16352
-2.21111
-2.26564
-2.32714
-2.39549
-2.47047
-2.5517
-2.63871
-2.73091
-2.82764
-2.92815
-3.03163
-3.13723
-3.24406
-3.35126
-3.45796
-3.56334
-3.66665
-3.76724
-3.86454
-3.95814
-4.04772
-4.1331
-4.21423
-4.29113
-4.36394
-4.43283
-4.49805
-4.55982
-4.61842
-4.67406
-4.72698
-4.77736
-4.82535
-4.87107
-4.91459
-4.95595
-4.99514
-5.03214
-5.06687
-5.09923
-5.12909
-5.15631
-5.18071
-5.20213
-5.22038
-5.23529
-5.2467
-5.25449
-5.25859
-5.25899
-5.25577
-5.24914
-5.23941
-5.22708
-5.2128
-5.19739
-5.18188
-5.16743
-5.15535
-5.14706
-5.144
-5.14761
-5.15925
-5.18013
-5.21127
-5.25346
-5.30724
-5.37287
-5.45039
-5.53956
-5.63998
-5.75103
-5.87196
-6.00188
-6.13979
-6.28456
-6.43502
-6.58984
-6.74768
-6.90706
-7.06649
-7.22445
-7.37942
-7.52997
-7.67481
-7.81285
-7.94326
-8.06552
-8.17942
-8.28507
-8.38281
-8.47321
-8.55698
-8.63487
-8.70767
-8.77613
-8.84093
-8.9027
-8.96194
-9.01909
-9.07449
-9.12843
-9.18111
-9.23266
-9.28319
-9.33274
-9.38132
-9.4289
-9.47541
-9.52075
-9.56479
-9.60738
-9.6483
-9.68732
-9.72417
-9.75853
-9.79005
-9.81831
-9.84287
-9.86324
-9.8789
-9.88931
-9.89389
-9.89213
-9.88355
-9.86777
-9.8446
-9.81406
-9.77652
-9.73273
-9.68396
-9.63198
-9.57913
-9.52823
-9.48251
-9.44542
-9.42039
-9.4106
-9.41873
-9.44678
-9.49598
-9.56675
-9.65881
-9.77125
-9.90277
-10.0518
-10.2166
-10.3954
-10.5867
-10.7888
-11.0003
-11.2198
-11.4461
-11.6779
-11.914
-12.1532
-12.3939
-12.6348
-12.874
-13.1098
-13.3401
-13.5627
-13.7753
-13.9761
-14.163
-14.3349
-14.4908
-14.6308
-14.7553
-14.8655
-14.9625
-15.0482
-15.1239
-15.1914
-15.2517
-15.3062
-15.3556
-15.4006
-15.4418
-15.4794
-15.5137
-15.5447
-15.5724
-15.5967
-15.6174
-15.6344
-15.6475
-15.6565
-15.6611
-15.6612
-15.6568
-15.6479
-15.6347
-15.6176
-15.5971
-15.5739
-15.5493
-15.5243
-15.5007
-15.48
-15.4641
-15.4549
-15.4542
-15.4638
-15.4851
-15.5193
-15.5674
-15.6297
-15.7065
-15.7976
-15.9028
-16.0213
-16.1524
-16.2952
-16.4487
-16.612
-16.7838
-16.963
-17.1483
-17.3383
-17.5316
-17.7267
-17.9217
-18.1149
-18.3045
-18.4884
-18.665
-18.8326
-18.99
-19.1363
-19.271
-19.3943
-19.5067
-19.6091
-19.7024
-19.7879
-19.8667
-19.9401
-20.009
-20.0744
-20.137
-20.1973
-20.256
-20.3134
-20.3699
-20.4255
-20.4807
-20.5354
-20.5897
-20.6439
-20.6978
-20.7516
-20.8052
-20.8587
-20.912
-20.9653
-21.0183
-21.0712
-21.1239
-21.1764
-21.2286
-21.2805
-21.332
-21.383
-21.4335
-21.4834
-21.5325
-21.5807
-21.6278
-21.6736
-21.7178
-21.7602
-21.8005
-21.8381
-21.8726
-21.9034
-21.93
-21.9515
-21.9672
-21.9761
-21.9772
-21.9697
-21.9523
-21.9244
-21.8852
-21.8344
-21.7723
-21.6999
-21.6192
-21.5332
-21.4461
-21.3631
-21.2901
-21.233
-21.1974
-21.1876
-21.2063
-21.2541
-21.3294
-21.4287
-21.5469
-21.6781
-21.816
-21.9549
-22.0897
-22.2168
-22.3339
-22.44
-22.5351
-22.6201
-22.6962
-22.7648
-22.827
-22.8841
-22.9372
-22.9869
-23.0339
-23.0788
-23.1218
-23.1634
-23.2036
-23.2427
-23.2807
-23.3178
-23.3539
-23.3892
-23.4236
-23.4572
-23.49
-23.5219
-23.5531
-23.5835
-23.6132
-23.6422
-23.6705
-23.6982
-23.7254
-23.752
-23.7783
-23.8043
-23.8301
-23.8559
-23.8817
-23.9078
-23.9342
-23.9612
-23.9889
-24.0175
-24.0471
-24.078
-24.1101
-24.1438
-24.1791
-24.2161
-24.2549
-24.2955
-24.3381
-24.3825
-24.4289
-24.477
-24.5269
-24.5784
-24.6314
-24.6857
-24.7413
-24.7978
-24.8552
-24.9131
-24.9715
-25.03
-25.0885
-25.1468
-25.2047
-25.262
-25.3186
-25.3743
-25.4291
-25.4827
-25.5351
-25.5863
-25.6361
-25.6845
-25.7316
-25.7771
-25.8212
-25.8639
-25.905
-25.9447
-25.9828
-26.0195
-26.0548
-26.0885
-26.1209
-26.1518
-26.1814
-26.2097
-26.2366
-26.2624
-26.2871
-26.3107
-26.3335
-26.3555
-26.3769
-26.3979
-26.4186
-26.4394
-26.4604
-26.4819
-26.5042
-26.5276
-26.5523
-26.5786
-26.6068
-26.6371
-26.6698
-26.7051
-26.743
-26.7839
-26.8276
-26.8743
-26.9239
-26.9763
-27.0315
-27.0893
-27.1494
-27.2116
-27.2757
-27.3413
-27.4081
-27.4758
-27.5441
-27.6125
-27.6808
-27.7487
-27.8159
-27.8821
-27.9471
-28.0108
-28.0728
-28.1332
-28.1918
-28.2485
-28.3034
-28.3562
-28.4072
-28.4562
-28.5032
-28.5483
-28.5914
-28.6327
-28.6721
-28.7095
-28.7451
-28.7788
-28.8106
-28.8405
-28.8686
-28.8948
-28.9192
-28.9417
-28.9625
-28.9816
-28.9991
-29.0151
-29.0298
-29.0434
-29.0562
-29.0684
-29.0804
-29.0926
-29.1053
-29.1189
-29.1341
-29.1512
-29.1708
-29.1932
-29.219
-29.2485
-29.2822
-29.3202
-29.3628
-29.4101
-29.4622
-29.519
-29.5803
-29.646
-29.7157
-29.7891
-29.8658
-29.9452
-30.0267
-30.11
-30.1943
-30.2791
-30.3639
-30.4481
-30.5312
-30.6128
-30.6924
-30.7699
-30.8449
-30.9173
-30.9869
-31.0537
-31.1177
-31.1789
-31.2374
-31.2932
-31.3465
-31.3973
-31.4457
-31.4918
-31.5357
-31.5773
-31.6168
-31.6541
-31.6892
-31.722
-31.7526
-31.7808
-31.8067
-31.8301
-31.851
-31.8693
-31.885
-31.8981
-31.9086
-31.9166
-31.9222
-31.9257
-31.9274
-31.9276
-31.9268
-31.9255
-31.9245
-31.9245
-31.9263
-31.9308
-31.9388
-31.9512
-31.9689
-31.9927
-32.0231
-32.0608
-32.1061
-32.1593
-32.2204
-32.2895
-32.3661
-32.4501
-32.5408
-32.6376
-32.7398
-32.8465
-32.9569
-33.0699
-33.1847
-33.3001
-33.4152
-33.5289
-33.6405
-33.7491
-33.8541
-33.9549
-34.0512
-34.1426
-34.2293
-34.3111
-34.3883
-34.4612
-34.53
-34.595
-34.6566
-34.7152
-34.7709
-34.8241
-34.8749
-34.9236
-34.9702
-35.0148
-35.0574
-35.0981
-35.1368
-35.1733
-35.2076
-35.2395
-35.2689
-35.2954
-35.3189
-35.3391
-35.3558
-35.3687
-35.3776
-35.3824
-35.3828
-35.3789
-35.3707
-35.3584
-35.3423
-35.3231
-35.3016
-35.2787
-35.2557
-35.2342
-35.2156
-35.2019
-35.1948
-35.196
-35.2072
-35.2297
-35.2646
-35.3129
-35.3749
-35.4509
-35.5407
-35.6439
-35.76
-35.8882
-36.0276
-36.1772
-36.3361
-36.5029
-36.6765
-36.8556
-37.0388
-37.2246
-37.4113
-37.5972
-37.7806
-37.9596
-38.1325
-38.2977
-38.4539
-38.6
-38.7356
-38.8604
-38.9747
-39.0791
-39.1747
-39.2623
-39.3431
-39.4181
-39.4884
-39.5549
-39.6183
-39.6793
-39.7383
-39.7959
-39.8523
-39.9079
-39.9627
-40.017
-40.0709
-40.1243
-40.1775
-40.2303
-40.2829
-40.3352
-40.3871
-40.4387
-40.4898
-40.5405
-40.5907
-40.6402
-40.689
-40.7368
-40.7836
-40.8292
-40.8733
-40.9157
-40.956
-40.994
-41.0291
-41.0609
-41.0888
-41.1122
-41.1304
-41.1427
-41.1481
-41.1459
-41.1352
-41.1152
-41.0853
-41.0453
-40.995
-40.9353
-40.8674
-40.7935
-40.7167
-40.6412
-40.5715
-40.5129
-40.4705
-40.4487
-40.4512
-40.4799
-40.5356
-40.617
-40.7218
-40.8465
-40.9868
-41.1382
-41.2962
-41.4565
-41.6154
-41.7698
-41.9173
-42.0562
-42.1855
-42.3049
-42.4145
-42.5147
-42.6064
-42.6902
-42.7671
-42.8379
-42.9034
-42.9644
-43.0213
-43.0748
-43.1251
-43.1728
-43.218
-43.2609
-43.3017
-43.3405
-43.3774
-43.4125
-43.4458
-43.4773
-43.507
-43.5349
-43.5611
-43.5855
-43.6081
-43.629
-43.6482
-43.6659
-43.682
-43.6968
-43.7105
-43.7232
-43.7352
-43.7468
-43.7584
-43.7703
-43.7831
-43.7971
-43.8128
-43.8308
-43.8514
-43.8752
-43.9027
-43.934
-43.9697
-44.0098
-44.0547
-44.1043
-44.1588
-44.2179
-44.2815
-44.3493
-44.4211
-44.4963
-44.5745
-44.6552
-44.7379
-44.822
-44.9068
-44.9919
-45.0766
-45.1605
-45.2431
-45.3239
-45.4026
-45.4791
-45.5529
-45.6239
-45.6922
-45.7577
-45.8203
-45.8803
-45.9375
-45.9921
-46.0442
-46.0939
-46.1412
-46.1862
-46.229
-46.2696
-46.308
-46.3442
-46.3782
-46.41
-46.4394
-46.4665
-46.4911
-46.5134
-46.5329
-46.55
-46.5643
-46.576
-46.5852
-46.5919
-46.5963
-46.5987
-46.5994
-46.5989
-46.5975
-46.5961
-46.5953
-46.5958
-46.5986
-46.6045
-46.6144
-46.6292
-46.6494
-46.6761
-46.7098
-46.751
-46.8002
-46.8575
-46.9226
-46.9956
-47.0763
-47.1638
-47.2579
-47.3579
-47.4629
-47.5721
-47.6844
-47.7991
-47.9148
-48.0307
-48.1461
-48.2597
-48.3706
-48.4781
-48.5817
-48.681
-48.7756
-48.8651
-48.9498
-49.0296
-49.105
-49.1763
-49.2434
-49.3068
-49.367
-49.4242
-49.4788
-49.5311
-49.5807
-49.6286
-49.6745
-49.7183
-49.7601
-49.8
-49.8378
-49.8736
-49.9072
-49.9381
-49.9662
-49.9918
-50.0143
-50.0335
-50.0487
-50.0599
-50.0671
-50.0705
-50.0691
-50.063
-50.053
-50.0384
-50.0206
-50
-49.9777
-49.9545
-49.932
-49.9111
-49.8945
-49.8831
-49.8789
-49.8838
-49.8996
-49.9262
-49.9661
-50.0202
-50.0883
-50.1707
-50.2668
-50.3765
-50.4987
-50.6321
-50.7769
-50.9318
-51.0954
-51.2661
-51.4436
-51.6258
-51.8117
-51.9996
-52.1881
-52.3755
-52.5597
-52.7388
-52.911
-53.0753
-53.2293
-53.3728
-53.507
-53.6287
-53.7402
-53.8415
-53.9331
-54.0191
-54.1007
-54.175
-54.2466
-54.3122
-54.3742
-54.4354
-54.494
-54.5503
-54.6069
-54.6642
-54.7197
-54.7735
-54.8254
-54.8784
-54.9326
-54.9881
-55.0419
