-4.60517
-5.03195
-5.44824
-5.8641
-6.27764
-6.68707
-7.08953
-7.48076
-7.85479
-8.20386
-8.519
-8.79161
-9.01569
-9.18997
-9.3183
-9.40826
-9.4688
-9.50821
-9.53312
-9.54822
-9.55652
-9.55972
-9.55855
-9.55304
-9.54281
-9.52717
-9.50533
-9.47661
-9.44064
-9.3976
-9.34857
-9.29582
-9.24294
-9.19477
-9.15687
-9.13447
-9.131
-9.14687
-9.1791
-9.22232
-9.27054
-9.31885
-9.36434
-9.40614
-9.44488
-9.48195
-9.51879
-9.55648
-9.59567
-9.63655
-9.67904
-9.72286
-9.76768
-9.8132
-9.85912
-9.90526
-9.95149
-9.99776
-10.0441
-10.0905
-10.137
-10.1837
-10.2307
-10.2779
-10.3256
-10.3736
-10.4219
-10.4707
-10.5198
-10.5692
-10.6189
-10.669
-10.7192
-10.7697
-10.8203
-10.8711
-10.922
-10.9729
-11.0239
-11.075
-11.1259
-11.1769
-11.2277
-11.2785
-11.3291
-11.3796
-11.4299
-11.48
-11.5299
-11.5796
-11.629
-11.6782
-11.727
-11.7755
-11.8237
-11.8714
-11.9187
-11.9654
-12.0116
-12.0572
-12.1021
-12.1461
-12.1893
-12.2316
-12.2727
-12.3126
-12.3511
-12.3882
-12.4235
-12.4571
-12.4887
-12.5182
-12.5454
-12.5702
-12.5926
-12.6125
-12.63
-12.6451
-12.658
-12.6692
-12.679
-12.688
-12.6969
-12.7064
-12.7173
-12.7304
-12.7464
-12.7658
-12.789
-12.8163
-12.8476
-12.8828
-12.9215
-12.9633
-13.0078
-13.0546
-13.1033
-13.1535
-13.2049
-13.2574
-13.3106
-13.3645
-13.4189
-13.4736
-13.5286
-13.5838
-13.6391
-13.6944
-13.7497
-13.805
-13.8603
-13.9154
-13.9705
-14.0255
-14.0803
-14.1351
-14.1897
-14.2443
-14.2988
-14.3532
-14.4076
-14.4619
-14.5162
-14.5704
-14.6246
-14.6787
-14.7328
-14.7869
-14.841
-14.895
-14.9491
-15.0031
-15.0572
-15.1112
-15.1652
-15.2192
-15.2732
-15.3272
-15.3812
-15.4352
-15.4892
-15.5432
-15.5971
-15.6511
-15.7051
-15.759
-15.8129
-15.8669
-15.9208
-15.9747
-16.0285
-16.0823
-16.1361
-16.1899
-16.2435
-16.2972
-16.3507
-16.4041
-16.4574
-16.5106
-16.5636
-16.6164
-16.669
-16.7212
-16.7731
-16.8245
-16.8754
-16.9257
-16.9751
-17.0236
-17.071
-17.117
-17.1613
-17.2037
-17.2437
-17.2809
-17.3148
-17.3448
-17.3704
-17.3908
-17.4054
-17.4137
-17.415
-17.4093
-17.3965
-17.3775
-17.3535
-17.3267
-17.3
-17.2768
-17.261
-17.2558
-17.2633
-17.284
-17.3165
-17.358
-17.4054
-17.4555
-17.5063
-17.5565
-17.6057
-17.6544
-17.7028
-17.7516
-17.801
-17.8512
-17.9022
-17.9538
-18.0059
-18.0582
-18.1104
-18.1625
-18.2141
-18.2653
-18.3158
-18.3656
-18.4147
-18.463
-18.5105
-18.5573
-18.6035
-18.6489
-18.6938
-18.7381
-18.7819
-18.8253
-18.8682
-18.9108
-18.9531
-18.9952
-19.037
-19.0785
-19.1199
-19.1611
-19.2022
-19.2431
-19.2838
-19.3244
-19.3649
-19.4052
-19.4453
-19.4853
-19.5251
-19.5647
-19.6041
-19.6433
-19.6822
-19.7209
-19.7593
-19.7975
-19.8353
-19.8729
-19.9101
-19.947
-19.9835
-20.0196
-20.0554
-20.0908
-20.1258
-20.1604
-20.1946
-20.2284
-20.2619
-20.295
-20.3277
-20.3601
-20.3921
-20.4239
-20.4554
-20.4868
-20.5179
-20.5489
-20.5799
-20.6108
-20.6417
-20.6727
-20.7039
-20.7352
-20.7668
-20.7986
-20.8308
-20.8634
-20.8963
-20.9297
-20.9635
-20.9978
-21.0326
-21.0679
-21.1036
-21.1397
-21.1763
-21.2134
-21.2508
-21.2885
-21.3267
-21.3651
-21.4037
-21.4426
-21.4817
-21.521
-21.5603
-21.5998
-21.6392
-21.6787
-21.7182
-21.7576
-21.7969
-21.836
-21.875
-21.9138
-21.9524
-21.9907
-22.0287
-22.0663
-22.1037
-22.1406
-22.1772
-22.2133
-22.249
-22.2842
-22.3189
-22.3531
-22.3868
-22.42
-22.4526
-22.4847
-22.5164
-22.5475
-22.5782
-22.6085
-22.6383
-22.6679
-22.6971
-22.7262
-22.7551
-22.7839
-22.8128
-22.8417
-22.8709
-22.9003
-22.9301
-22.9604
-22.9911
-23.0225
-23.0544
-23.0871
-23.1204
-23.1544
-23.1892
-23.2247
-23.2608
-23.2977
-23.3352
-23.3733
-23.412
-23.4512
-23.4908
-23.5309
-23.5713
-23.612
-23.653
-23.6942
-23.7356
-23.777
-23.8185
-23.86
-23.9015
-23.9428
-23.9841
-24.0252
-24.0661
-24.1068
-24.1472
-24.1872
-24.2269
-24.2662
-24.3051
-24.3435
-24.3814
-24.4188
-24.4555
-24.4917
-24.5272
-24.562
-24.5961
-24.6294
-24.662
-24.6938
-24.7249
-24.7552
-24.7847
-24.8135
-24.8417
-24.8692
-24.8962
-24.9228
-24.949
-24.9749
-25.0008
-25.0267
-25.0528
-25.0793
-25.1062
-25.1338
-25.1621
-25.1912
-25.2214
-25.2526
-25.2848
-25.3182
-25.3527
-25.3883
-25.425
-25.4627
-25.5014
-25.541
-25.5814
-25.6225
-25.6643
-25.7066
-25.7495
-25.7928
-25.8364
-25.8802
-25.9243
-25.9686
-26.0129
-26.0572
-26.1015
-26.1458
-26.1899
-26.2339
-26.2777
-26.3212
-26.3645
-26.4074
-26.4499
-26.492
-26.5337
-26.5749
-26.6155
-26.6555
-26.6949
-26.7335
-26.7714
-26.8084
-26.8446
-26.8798
-26.914
-26.9472
-26.9792
-27.0102
-27.0399
-27.0685
-27.0959
-27.1222
-27.1473
-27.1714
-27.1946
-27.217
-27.2389
-27.2603
-27.2815
-27.3028
-27.3245
-27.3468
-27.3699
-27.3943
-27.42
-27.4472
-27.4761
-27.5068
-27.5393
-27.5736
-27.6097
-27.6474
-27.6867
-27.7274
-27.7695
-27.8126
-27.8568
-27.9019
-27.9477
-27.9941
-28.0411
-28.0885
-28.1361
-28.1841
-28.2322
-28.2804
-28.3286
-28.3768
-28.425
-28.4731
-28.521
-28.5688
-28.6164
-28.6637
-28.7108
-28.7576
-28.804
-28.8501
-28.8958
-28.941
-28.9858
-29.03
-29.0736
-29.1165
-29.1587
-29.2
-29.2405
-29.2799
-29.3182
-29.3554
-29.3912
-29.4256
-29.4584
-29.4896
-29.5191
-29.5467
-29.5723
-29.5961
-29.6179
-29.6378
-29.6559
-29.6724
-29.6876
-29.7018
-29.7154
-29.7289
-29.7428
-29.7578
-29.7742
-29.7927
-29.8137
-29.8376
-29.8645
-29.8945
-29.9277
-29.9638
-30.0027
-30.0441
-30.0877
-30.1331
-30.1802
-30.2287
-30.2782
-30.3287
-30.3799
-30.4317
-30.484
-30.5367
-30.5896
-30.6426
-30.6958
-30.749
-30.8023
-30.8555
-30.9086
-30.9617
-31.0146
-31.0675
-31.1203
-31.1729
-31.2254
-31.2778
-31.3301
-31.3823
-31.4343
-31.4862
-31.538
-31.5896
-31.641
-31.6923
-31.7434
-31.7942
-31.8448
-31.8952
-31.9451
-31.9948
-32.0439
-32.0926
-32.1407
-32.1881
-32.2348
-32.2805
-32.3252
-32.3687
-32.4109
-32.4514
-32.4902
-32.5269
-32.5614
-32.5932
-32.6222
-32.648
-32.6703
-32.689
-32.7039
-32.715
-32.7222
-32.7259
-32.7267
-32.7251
-32.7224
-32.7196
-32.7184
-32.7201
-32.7262
-32.7379
-32.7559
-32.7805
-32.8116
-32.8484
-32.8903
-32.936
-32.9848
-33.0359
-33.0886
-33.1425
-33.1973
-33.2528
-33.309
-33.3656
-33.4226
-33.48
-33.5375
-33.5951
-33.6528
-33.7104
-33.7679
-33.8252
-33.8822
-33.939
-33.9955
-34.0517
-34.1075
-34.1629
-34.2179
-34.2725
-34.3266
-34.3802
-34.4333
-34.4858
-34.5378
-34.589
-34.6396
-34.6893
-34.7382
-34.7862
-34.8331
-34.8789
-34.9234
-34.9666
-35.0082
-35.0482
-35.0864
-35.1226
-35.1568
-35.1887
-35.2182
-35.2453
-35.2698
-35.2918
-35.3112
-35.3283
-35.3432
-35.3562
-35.3678
-35.3786
-35.3891
-35.4002
-35.4125
-35.4268
-35.4439
-35.4641
-35.488
-35.5157
-35.5472
-35.5825
-35.6211
-35.6627
-35.707
-35.7535
-35.8019
-35.8517
-35.9028
-35.955
-36.0079
-36.0614
-36.1155
-36.1699
-36.2246
-36.2795
-36.3345
-36.3895
-36.4446
-36.4996
-36.5546
-36.6095
-36.6643
-36.719
-36.7736
-36.8281
-36.8825
-36.9369
-36.9911
-37.0453
-37.0994
-37.1535
-37.2075
-37.2615
-37.3154
-37.3693
-37.4232
-37.477
-37.5308
-37.5846
-37.6384
-37.6922
-37.7459
-37.7996
-37.8533
-37.907
-37.9606
-38.0142
-38.0677
-38.1212
-38.1746
-38.228
-38.2813
-38.3344
-38.3875
-38.4404
-38.4931
-38.5456
-38.5979
-38.6498
-38.7014
-38.7526
-38.8033
-38.8533
-38.9027
-38.9511
-38.9986
-39.0448
-39.0896
-39.1326
-39.1737
-39.2124
-39.2482
-39.2809
-39.3099
-39.3346
-39.3546
-39.3693
-39.3784
-39.3815
-39.3786
-39.37
-39.3564
-39.339
-39.3198
-39.3012
-39.2859
-39.2768
-39.2764
-39.2864
-39.3073
-39.3384
-39.3778
-39.4233
-39.4726
-39.5239
-39.576
-39.6282
-39.6805
-39.7329
-39.7857
-39.8389
-39.8926
-39.9469
-40.0016
-40.0567
-40.1118
-40.167
-40.2219
-40.2765
-40.3306
-40.3841
-40.4369
-40.489
-40.5402
-40.5906
-40.6401
-40.6888
-40.7364
-40.7832
-40.829
-40.8739
-40.9178
-40.9608
-41.0029
-41.0441
-41.0844
-41.1239
-41.1625
-41.2003
-41.2374
-41.2737
-41.3093
-41.3443
-41.3788
-41.4127
-41.4462
-41.4793
-41.5122
-41.5448
-41.5772
-41.6096
-41.6419
-41.6744
-41.707
-41.7398
-41.7729
-41.8063
-41.8401
-41.8742
-41.9088
-41.9439
-41.9794
-42.0154
-42.0519
-42.0888
-42.1262
-42.1639
-42.2021
-42.2406
-42.2794
-42.3185
-42.3579
-42.3975
-42.4373
-42.4771
-42.5171
-42.5572
-42.5973
-42.6373
-42.6773
-42.7172
-42.757
-42.7966
-42.836
-42.8752
-42.9141
-42.9527
-42.991
-43.0289
-43.0665
-43.1036
-43.1402
-43.1764
-43.2121
-43.2473
-43.2819
-43.3159
-43.3494
-43.3823
-43.4146
-43.4464
-43.4776
-43.5082
-43.5384
-43.568
-43.5973
-43.6261
-43.6547
-43.6831
-43.7113
-43.7394
-43.7676
-43.796
-43.8245
-43.8535
-43.8828
-43.9127
-43.9432
-43.9744
-44.0063
-44.039
-44.0725
-44.1068
-44.1419
-44.1777
-44.2144
-44.2518
-44.2899
-44.3287
-44.368
-44.4079
-44.4483
-44.4891
-44.5303
-44.5718
-44.6135
-44.6554
-44.6975
-44.7397
-44.7819
-44.8241
-44.8662
-44.9082
-44.9501
-44.9918
-45.0333
-45.0745
-45.1154
-45.156
-45.1961
-45.2359
-45.2751
-45.3139
-45.3522
-45.3898
-45.4268
-45.4631
-45.4986
-45.5335
-45.5676
-45.6009
-45.6333
-45.6649
-45.6956
-45.7254
-45.7545
-45.7826
-45.81
-45.8368
-45.8628
-45.8884
-45.9135
-45.9384
-45.9632
-45.9881
-46.0131
-46.0386
-46.0646
-46.0913
-46.1191
-46.1477
-46.1775
-46.2086
-46.2408
-46.2744
-46.3092
-46.3452
-46.3825
-46.4209
-46.4603
-46.5007
