1.09861
1.03774
0.902813
0.768065
0.634067
0.502017
0.373877
0.252438
0.141253
0.0443271
-0.0344572
-0.0921245
-0.127364
-0.140946
-0.135608
-0.115453
-0.0851469
-0.0492128
-0.0115663
0.0246811
0.0572328
0.0845154
0.105551
0.119828
0.127194
0.127765
0.121862
0.109955
0.0926316
0.0705687
0.0445102
0.015252
-0.0163709
-0.0494965
-0.0832463
-0.116736
-0.149085
-0.179429
-0.206926
-0.23077
-0.250194
-0.264483
-0.272976
-0.275071
-0.270231
-0.257984
-0.237926
-0.209725
-0.173128
-0.127963
-0.074148
-0.0117035
0.0592379
0.138418
0.225438
0.319751
0.420645
0.527244
0.6385
0.753205
0.869999
0.987393
1.1038
1.21756
1.32699
1.43043
1.52627
1.613
1.68928
1.75389
1.80585
1.84435
1.86881
1.87885
1.87429
1.85514
1.82155
1.77383
1.71243
1.63789
1.55086
1.45211
1.34248
1.22297
1.09468
0.958903
0.817103
0.670972
0.522439
0.373674
0.227057
0.085102
-0.0496651
-0.174882
-0.288546
-0.389201
-0.476059
-0.549032
-0.608657
-0.655933
-0.692129
-0.718584
-0.736554
-0.747103
-0.751045
-0.748932
-0.741056
-0.72748
-0.708067
-0.682511
-0.650379
-0.611131
-0.56416
-0.508814
-0.444428
-0.370356
-0.286004
-0.190864
-0.0845574
0.0331265
0.162186
0.302368
0.453129
0.61361
0.782621
0.958647
1.13987
1.32421
1.5094
1.69305
1.87279
2.04631
2.21146
2.36637
2.50947
2.63949
2.75551
2.85691
2.94333
3.01462
3.07077
3.1119
3.13819
3.14982
3.14702
3.12999
3.09891
3.05396
2.99531
2.92313
2.83758
2.73887
2.62717
2.5027
2.3657
2.21643
2.05518
1.88224
1.69794
1.50266
1.29679
1.08075
0.855029
0.620176
0.376818
0.125689
-0.132336
-0.3962
-0.664614
-0.935998
-1.20841
-1.47949
-1.74642
-2.00592
-2.25435
-2.48787
-2.7028
-2.89599
-3.0652
-3.20938
-3.32868
-3.42425
-3.49788
-3.55158
-3.58721
-3.60626
-3.60974
-3.59812
-3.57139
-3.52912
-3.47053
-3.39462
-3.3002
-3.1861
-3.05121
-2.89471
-2.71615
-2.51565
-2.29404
-2.053
-1.79513
-1.52396
-1.24385
-0.95984
-0.677347
-0.401845
-0.138479
0.108283
0.334937
0.539103
0.719566
0.876179
1.00967
1.12141
1.21313
1.28674
1.34412
1.387
1.41695
1.43526
1.44306
1.44124
1.43057
1.41169
1.38515
1.35148
1.31118
1.26475
1.21275
1.15576
1.09439
1.02935
0.961354
0.8912
0.819706
0.74772
0.676102
0.605706
0.537367
0.471883
0.410005
0.352424
0.299772
0.252621
0.21149
0.176859
0.14918
0.128896
0.116461
0.112347
0.117067
0.131175
0.155273
0.190006
0.236054
0.294113
0.364868
0.448956
0.546924
0.659172
0.785893
0.927006
1.08209
1.25031
1.43038
1.6205
1.81839
2.02125
2.22585
2.42862
2.62579
2.81347
2.98793
3.1457
3.28378
3.3998
3.49211
3.55994
3.60337
3.62332
3.62148
3.60017
3.56217
3.5105
3.44826
3.37839
3.30358
3.22614
3.14795
3.07043
2.99457
2.92098
2.84997
2.78158
2.71571
2.65213
2.59057
2.53071
2.47226
2.41496
2.35856
2.30286
2.2477
2.19294
2.13848
2.08425
2.03017
1.97622
1.92236
1.86857
1.81484
1.76117
1.70755
1.65399
1.6005
1.54707
1.49373
1.44049
1.38736
1.33437
1.28153
1.22887
1.17643
1.12425
1.07237
1.02084
0.969735
0.919124
0.869101
0.819775
0.771276
0.72376
0.677413
0.632456
0.589156
0.547828
0.508851
0.472676
0.439841
0.410985
0.386864
0.368376
0.356575
0.352696
0.358179
0.374683
0.404103
0.448571
0.510449
0.592284
0.696744
0.826503
0.984068
1.17156
1.39044
1.64116
1.9229
2.23326
2.56811
2.92166
3.28671
3.65519
4.01886
4.37015
4.70292
5.0129
5.29782
5.55711
5.7913
6.00119
6.18718
6.34855
6.48311
6.58707
6.65536
6.68237
6.6633
6.59576
6.48138
6.32654
6.14202
5.94138
5.73885
5.54731
5.37676
5.23345
5.11974
5.03467
4.97503
4.93654
4.91478
4.90583
4.90646
4.9142
4.92726
4.94436
4.96462
4.98749
5.01259
5.0397
5.06868
5.09944
5.13194
5.16611
5.20193
5.23931
5.27817
5.3184
5.35986
5.40239
5.44577
5.48978
5.53417
5.57864
5.62291
5.66665
5.70954
5.75124
5.79144
5.82981
5.86607
5.89994
5.93119
5.95962
5.98508
6.00747
6.02672
6.04284
6.05585
6.06584
6.07293
6.07727
6.07904
6.07845
6.0757
6.07103
6.06466
6.05681
6.04773
6.03761
6.02669
6.01514
6.00318
5.99099
5.97873
5.96659
5.95471
5.94327
5.9324
5.92225
5.91298
5.90472
5.8976
5.89178
5.88737
5.88451
5.88333
5.88395
5.88649
5.89105
5.89774
5.90664
5.91782
5.93134
5.94723
5.9655
5.98612
6.00905
6.03419
6.06142
6.09057
6.12143
6.15375
6.18723
6.22154
6.2563
6.29112
6.32557
6.35921
6.3916
6.42231
6.45093
6.47708
6.50043
6.52068
6.53763
6.55112
6.56106
6.56743
6.57028
6.56971
6.56588
6.55898
6.54924
6.5369
6.52224
6.50552
6.487
6.46694
6.4456
6.42321
6.40001
6.37619
6.35195
6.32749
6.30297
6.27857
6.25443
6.23072
6.20759
6.18518
6.16364
6.14312
6.12377
6.10574
6.08921
6.07431
6.06123
6.05013
6.04118
6.03456
6.03043
6.02898
6.03037
6.03475
6.04227
6.05306
6.06721
6.0848
6.10586
6.13037
6.15827
6.18943
6.22365
6.26066
6.30012
6.34159
6.38457
6.42848
6.47267
6.51647
6.55913
6.59993
6.63815
6.6731
6.70418
6.73086
6.75271
6.76946
6.78094
6.78712
6.78809
6.78406
6.77532
6.76223
6.74521
6.72469
6.70112
6.67491
6.6465
6.61626
6.58455
6.55166
6.5179
6.4835
6.44868
6.41365
6.37856
6.34358
6.30886
6.27453
6.24072
6.20758
6.17522
6.14379
6.11343
6.08429
6.05654
6.03034
6.00587
5.98335
5.96297
5.94497
5.92958
5.91707
5.90771
5.90176
5.89954
5.90132
5.9074
5.91807
5.93358
5.95417
5.98004
6.01131
6.04805
6.09022
6.13766
6.19011
6.24711
6.30808
6.37226
6.43871
6.50634
6.57391
6.64011
6.70353
6.76279
6.81656
6.86364
6.90303
6.934
6.9561
6.96917
6.97337
6.96914
6.9571
6.93807
6.91293
6.88259
6.84796
6.80985
6.76903
6.72614
6.68172
6.63622
6.59
6.54335
6.49648
6.44956
6.40273
6.35609
6.30971
6.26366
6.21802
6.17283
6.12815
6.08407
6.04064
5.99795
5.95609
5.91518
5.87534
5.8367
5.79943
5.76369
5.7297
5.69768
5.6679
5.64062
5.61619
5.59494
5.57729
5.56365
5.55451
5.55038
5.55181
5.55937
5.57367
5.59531
5.62488
5.66294
5.70997
5.76636
5.83233
5.90789
5.99279
6.08647
6.18799
6.29601
6.40875
6.52402
6.63922
6.75148
6.8577
6.9548
7.03987
7.11037
7.16442
7.20093
7.21969
7.22143
7.20763
7.18036
7.142
7.09498
7.04157
6.98377
6.92321
6.86119
6.79865
6.73625
6.67442
6.61339
6.55328
6.4941
6.43581
6.37833
6.32155
6.26539
6.20974
6.15451
6.09963
6.04503
5.99065
5.93645
5.8824
5.82846
5.77463
5.72089
5.66723
5.61365
5.56014
5.50672
5.45338
5.40014
5.34701
5.294
5.24114
5.18845
5.13595
5.08369
5.03168
4.98
4.92868
4.87779
4.82742
4.77765
4.72858
4.68036
4.63313
4.58708
4.54242
4.49941
4.45835
4.41962
4.38363
4.35089
4.32201
4.29769
4.27875
4.26615
4.26101
4.26459
4.27835
4.30391
4.34307
4.39774
4.46994
4.56168
4.67488
4.81113
4.97158
5.15661
5.36561
5.59669
5.84653
6.11021
6.38128
6.65184
6.91282
7.15431
7.36596
7.53755
7.66005
7.72715
7.73743
7.69588
7.61367
7.50529
7.38476
7.26291
7.14668
7.03978
6.94363
6.85828
6.78298
6.71664
6.658
6.60588
6.55918
6.51697
6.47849
6.44313
6.41043
6.38004
6.35171
6.3253
6.30073
6.27796
6.257
6.23793
6.22081
6.20575
6.19288
6.18234
6.17425
6.16879
6.16609
6.16631
6.16958
6.17602
6.18576
6.19885
6.21536
6.23529
6.25859
6.28517
6.31487
6.34745
6.38261
6.41996
6.45905
6.49933
6.54022
6.58104
6.62112
6.65973
6.69617
6.72974
6.75983
6.78589
6.80746
6.82421
6.83593
6.84253
6.84406
6.84066
6.83259
6.82017
6.80377
6.78381
6.76071
6.7349
6.70677
6.67671
6.64508
6.61219
6.57832
6.54374
6.50866
6.47328
6.43778
6.40233
6.36706
6.33211
6.29763
6.26374
6.23056
6.19823
6.16689
6.13669
6.10778
6.08032
6.05449
6.03049
6.00851
5.98877
5.97151
5.95698
5.94544
5.93716
5.93243
5.93155
5.93481
5.94249
5.95487
5.97221
5.99473
6.02259
6.05589
6.09465
6.13878
6.18807
6.24218
6.30058
6.36261
6.42741
6.49397
6.56114
6.62761
6.69202
6.75296
6.80908
6.85909
6.90189
6.93662
6.96267
6.97974
6.98785
6.98729
6.97863
6.96258
6.93999
6.91179
6.87887
6.84211
6.8023
6.76012
6.71617
6.67095
6.62485
6.5782
6.53123
6.48414
6.43708
6.39016
6.34346
6.29706
6.25102
6.20541
6.16027
6.11568
6.0717
6.0284
5.98588
5.94423
5.90357
5.86402
5.82574
5.78888
5.75363
5.72022
5.68887
5.65985
5.63348
5.61007
5.59001
5.57371
5.56161
5.55422
5.55206
5.5557
5.56573
5.58277
5.60741
5.64025
5.68183
5.73262
5.79292
5.86292
5.94251
6.03135
6.12871
6.23351
6.34422
6.45887
6.57508
6.69012
6.80095
6.90445
6.99753
7.07737
7.14166
7.18878
7.21801
7.22954
7.22444
7.20449
7.17197
7.12932
7.07896
7.0231
6.96359
6.90195
6.83931
6.77649
6.71406
6.65235
6.59154
6.53168
6.47276
6.41472
6.35746
6.30088
6.24487
6.18934
6.13421
6.07939
6.02482
5.97046
5.91626
5.86219
5.80823
5.75436
5.70057
5.64684
5.59319
5.5396
5.48608
5.43264
5.37928
5.32602
5.27286
5.21984
5.16695
5.11424
5.06173
5.00945
4.95744
