0
-0.210598
-0.420765
-0.63014
-0.838211
-1.04427
-1.24738
-1.44627
-1.63933
-1.82455
-1.9995
-2.16147
-2.30757
-2.43505
-2.54167
-2.62605
-2.68796
-2.72834
-2.74919
-2.75324
-2.74354
-2.72317
-2.69499
-2.66149
-2.62482
-2.58673
-2.5487
-2.51195
-2.47754
-2.44639
-2.41937
-2.3973
-2.38095
-2.37108
-2.36838
-2.37344
-2.38672
-2.40843
-2.43851
-2.47655
-2.52181
-2.57327
-2.6297
-2.68982
-2.75242
-2.81647
-2.88115
-2.94588
-3.01026
-3.07408
-3.13722
-3.19963
-3.26132
-3.3223
-3.38261
-3.4423
-3.5014
-3.55996
-3.61801
-3.67559
-3.73273
-3.78948
-3.84587
-3.90192
-3.95769
-4.0132
-4.06848
-4.12356
-4.17848
-4.23325
-4.2879
-4.34245
-4.39692
-4.45132
-4.50567
-4.55998
-4.61425
-4.6685
-4.72273
-4.77694
-4.83113
-4.88532
-4.93949
-4.99366
-5.04783
-5.10199
-5.15614
-5.21029
-5.26444
-5.31859
-5.37273
-5.42687
-5.48101
-5.53515
-5.58929
-5.64342
-5.69755
-5.75168
-5.80581
-5.85994
-5.91406
-5.96819
-6.02231
-6.07643
-6.13055
-6.18467
-6.23879
-6.29291
-6.34702
-6.40113
-6.45525
-6.50936
-6.56347
-6.61758
-6.67168
-6.72579
-6.77989
-6.834
-6.88809
-6.94219
-6.99629
-7.05038
-7.10447
-7.15856
-7.21265
-7.26673
-7.32081
-7.37489
-7.42896
-7.48303
-7.5371
-7.59117
-7.64524
-7.6993
-7.75336
-7.80742
-7.86148
-7.91554
-7.9696
-8.02366
-8.07772
-8.13177
-8.18583
-8.23989
-8.29394
-8.348
-8.40206
-8.45612
-8.51017
-8.56423
-8.61829
-8.67234
-8.7264
-8.78046
-8.83452
-8.88857
-8.94263
-8.99669
-9.05075
-9.1048
-9.15886
-9.21292
-9.26697
-9.32103
-9.37509
-9.42915
-9.4832
-9.53726
-9.59132
-9.64538
-9.69943
-9.75349
-9.80755
-9.86161
-9.91566
-9.96972
-10.0238
-10.0778
-10.1319
-10.1859
-10.24
-10.2941
-10.3481
-10.4022
-10.4562
-10.5103
-10.5644
-10.6184
-10.6725
-10.7265
-10.7806
-10.8346
-10.8887
-10.9428
-10.9968
-11.0509
-11.1049
-11.159
-11.213
-11.2671
-11.3212
-11.3752
-11.4293
-11.4833
-11.5374
-11.5914
-11.6455
-11.6996
-11.7536
-11.8077
-11.8617
-11.9158
-11.9698
-12.0239
-12.078
-12.132
-12.1861
-12.2401
-12.2942
-12.3482
-12.4023
-12.4564
-12.5104
-12.5645
-12.6185
-12.6726
-12.7266
-12.7807
-12.8348
-12.8888
-12.9429
-12.9969
-13.051
-13.105
-13.1591
-13.2132
-13.2672
-13.3213
-13.3753
-13.4294
-13.4834
-13.5375
-13.5916
-13.6456
-13.6997
-13.7537
-13.8078
-13.8618
-13.9159
-13.97
-14.024
-14.0781
-14.1321
-14.1862
-14.2403
-14.2943
-14.3484
-14.4024
-14.4565
-14.5105
-14.5646
-14.6187
-14.6727
-14.7268
-14.7808
-14.8349
-14.8889
-14.943
-14.9971
-15.0511
-15.1052
-15.1592
-15.2133
-15.2673
-15.3214
-15.3755
-15.4295
-15.4836
-15.5376
-15.5917
-15.6457
-15.6998
-15.7539
-15.8079
-15.862
-15.916
-15.9701
-16.0241
-16.0782
-16.1323
-16.1863
-16.2404
-16.2944
-16.3485
-16.4025
-16.4566
-16.5107
-16.5647
-16.6188
-16.6728
-16.7269
-16.7809
-16.835
-16.8891
-16.9431
-16.9972
-17.0512
-17.1053
-17.1593
-17.2134
-17.2675
-17.3215
-17.3756
-17.4296
-17.4837
-17.5377
-17.5918
-17.6459
-17.6999
-17.754
-17.808
-17.8621
-17.9162
-17.9702
-18.0243
-18.0783
-18.1324
-18.1864
-18.2405
-18.2946
-18.3486
-18.4027
-18.4567
-18.5108
-18.5648
-18.6189
-18.673
-18.727
-18.7811
-18.8351
-18.8892
-18.9432
-18.9973
-19.0514
-19.1054
-19.1595
-19.2135
-19.2676
-19.3216
-19.3757
-19.4298
-19.4838
-19.5379
-19.5919
-19.646
-19.7
-19.7541
-19.8082
-19.8622
-19.9163
-19.9703
-20.0244
-20.0784
-20.1325
-20.1866
-20.2406
-20.2947
-20.3487
-20.4028
-20.4568
-20.5109
-20.565
-20.619
-20.6731
-20.7271
-20.7812
-20.8352
-20.8893
-20.9434
-20.9974
-21.0515
-21.1055
-21.1596
-21.2136
-21.2677
-21.3218
-21.3758
-21.4299
-21.4839
-21.538
-21.5921
-21.6461
-21.7002
-21.7542
-21.8083
-21.8623
-21.9164
-21.9705
-22.0245
-22.0786
-22.1326
-22.1867
-22.2407
-22.2948
-22.3489
-22.4029
-22.457
-22.511
-22.5651
-22.6191
-22.6732
-22.7273
-22.7813
-22.8354
-22.8894
-22.9435
-22.9975
-23.0516
-23.1057
-23.1597
-23.2138
-23.2678
-23.3219
-23.3759
-23.43
-23.4841
-23.5381
-23.5922
-23.6462
-23.7003
-23.7543
-23.8084
-23.8625
-23.9165
-23.9706
-24.0246
-24.0787
-24.1327
-24.1868
-24.2409
-24.2949
-24.349
-24.403
-24.4571
-24.5111
-24.5652
-24.6193
-24.6733
-24.7274
-24.7814
-24.8355
-24.8895
-24.9436
-24.9977
-25.0517
-25.1058
-25.1598
-25.2139
-25.2679
-25.322
-25.3761
-25.4301
-25.4842
-25.5382
-25.5923
-25.6464
-25.7004
-25.7545
-25.8085
-25.8626
-25.9166
-25.9707
-26.0248
-26.0788
-26.1329
-26.1869
-26.241
-26.295
-26.3491
-26.4032
-26.4572
-26.5113
-26.5653
-26.6194
-26.6734
-26.7275
-26.7816
-26.8356
-26.8897
-26.9437
-26.9978
-27.0518
-27.1059
-27.16
-27.214
-27.2681
-27.3221
-27.3762
-27.4302
-27.4843
-27.5384
-27.5924
-27.6465
-27.7005
-27.7546
-27.8086
-27.8627
-27.9168
-27.9708
-28.0249
-28.0789
-28.133
-28.187
-28.2411
-28.2952
-28.3492
-28.4033
-28.4573
-28.5114
-28.5654
-28.6195
-28.6736
-28.7276
-28.7817
-28.8357
-28.8898
-28.9438
-28.9979
-29.052
-29.106
-29.1601
-29.2141
-29.2682
-29.3223
-29.3763
-29.4304
-29.4844
-29.5385
-29.5925
-29.6466
-29.7007
-29.7547
-29.8088
-29.8628
-29.9169
-29.9709
-30.025
-30.0791
-30.1331
-30.1872
-30.2412
-30.2953
-30.3493
-30.4034
-30.4575
-30.5115
-30.5656
-30.6196
-30.6737
-30.7277
-30.7818
-30.8359
-30.8899
-30.944
-30.998
-31.0521
-31.1061
-31.1602
-31.2143
-31.2683
-31.3224
-31.3764
-31.4305
-31.4845
-31.5386
-31.5927
-31.6467
-31.7008
-31.7548
-31.8089
-31.8629
-31.917
-31.9711
-32.0251
-32.0792
-32.1332
-32.1873
-32.2413
-32.2954
-32.3495
-32.4035
-32.4576
-32.5116
-32.5657
-32.6197
-32.6738
-32.7279
-32.7819
-32.836
-32.89
-32.9441
-32.9982
-33.0522
-33.1063
-33.1603
-33.2144
-33.2684
-33.3225
-33.3766
-33.4306
-33.4847
-33.5387
-33.5928
-33.6468
-33.7009
-33.755
-33.809
-33.8631
-33.9171
-33.9712
-34.0252
-34.0793
-34.1334
-34.1874
-34.2415
-34.2955
-34.3496
-34.4036
-34.4577
-34.5118
-34.5658
-34.6199
-34.6739
-34.728
-34.782
-34.8361
-34.8902
-34.9442
-34.9983
-35.0523
-35.1064
-35.1604
-35.2145
-35.2686
-35.3226
-35.3767
-35.4307
-35.4848
-35.5388
-35.5929
-35.647
-35.701
-35.7551
-35.8091
-35.8632
-35.9172
-35.9713
-36.0254
-36.0794
-36.1335
-36.1875
-36.2416
-36.2956
-36.3497
-36.4038
-36.4578
-36.5119
-36.5659
-36.62
-36.674
-36.7281
-36.7822
-36.8362
-36.8903
-36.9443
-36.9984
-37.0524
-37.1065
-37.1606
-37.2146
-37.2687
-37.3227
-37.3768
-37.4309
-37.4849
-37.539
-37.593
-37.6471
-37.7011
-37.7552
-37.8093
-37.8633
-37.9174
-37.9714
-38.0255
-38.0795
-38.1336
-38.1877
-38.2417
-38.2958
-38.3498
-38.4039
-38.4579
-38.512
-38.5661
-38.6201
-38.6742
-38.7282
-38.7823
-38.8363
-38.8904
-38.9445
-38.9985
-39.0526
-39.1066
-39.1607
-39.2147
-39.2688
-39.3229
-39.3769
-39.431
-39.485
-39.5391
-39.5932
-39.6472
-39.7013
-39.7553
-39.8094
-39.8634
-39.9175
-39.9716
-40.0256
-40.0797
-40.1337
-40.1878
-40.2418
-40.2959
-40.35
-40.404
-40.4581
-40.5121
-40.5662
-40.6203
-40.6743
-40.7284
-40.7824
-40.8365
-40.8905
-40.9446
-40.9987
-41.0527
-41.1068
-41.1608
-41.2149
-41.269
-41.323
-41.3771
-41.4311
-41.4852
-41.5392
-41.5933
-41.6474
-41.7014
-41.7555
-41.8095
-41.8636
-41.9176
-41.9717
-42.0258
-42.0798
-42.1339
-42.1879
-42.242
-42.2961
-42.3501
-42.4042
-42.4582
-42.5123
-42.5663
-42.6204
-42.6745
-42.7285
-42.7826
-42.8366
-42.8907
-42.9448
-42.9988
-43.0529
-43.1069
-43.161
-43.215
-43.2691
-43.3232
-43.3772
-43.4313
-43.4853
-43.5394
-43.5934
-43.6475
-43.7016
-43.7556
-43.8097
-43.8637
-43.9178
-43.9719
-44.0259
-44.08
-44.1341
-44.1881
-44.2422
-44.2962
-44.3503
-44.4044
-44.4584
-44.5124
-44.5665
-44.6205
-44.6746
-44.7288
-44.7828
-44.8369
-44.8909
-44.945
-44.9991
-45.0531
-45.1072
-45.1612
-45.2153
-45.2694
-45.3234
-45.3775
-45.4315
-45.4856
-45.5397
-45.5937
-45.6478
-45.7018
-45.7558
-45.8099
-45.864
-45.9181
-45.9722
-46.0262
-46.0803
-46.1344
-46.1884
-46.2424
-46.2965
-46.3505
-46.4046
-46.4587
-46.5128
-46.5668
-46.6209
-46.6749
-46.729
-46.783
-46.8371
-46.8912
-46.9452
-46.9994
-47.0534
-47.1073
-47.1614
-47.2155
-47.2695
-47.3235
-47.3775
-47.4316
-47.4857
-47.5398
-47.5938
-47.6478
-47.7019
-47.756
-47.81
-47.8641
-47.9181
-47.9722
-48.0262
-48.0803
-48.1343
-48.1884
-48.2424
-48.2965
-48.3505
-48.4046
-48.4588
-48.513
-48.567
-48.6212
-48.6753
-48.7293
-48.7835
-48.8377
-48.8916
-48.9458
-48.9997
-49.0538
-49.1077
-49.1619
-49.2161
-49.27
-49.324
-49.378
-49.432
-49.4859
-49.54
-49.594
-49.6482
-49.7021
-49.7562
-49.8103
-49.8646
-49.9188
-49.9731
-50.0274
-50.0815
-50.1355
-50.1893
-50.2435
-50.298
-50.3522
-50.4066
-50.4606
-50.5141
-50.5678
-50.6222
-50.6767
-50.7305
-50.7843
-50.8388
-50.8932
-50.9475
-51.0017
-51.0556
-51.1092
-51.1634
-51.2172
-51.2715
-51.3254
-51.3797
-51.4335
-51.4865
-51.5411
-51.596
-51.6501
-51.7034
-51.7581
-51.813
-51.867
-51.921
-51.9752
-52.0295
-52.0839
-52.1383
-52.1927
-52.247
-52.3012
-52.3553
-52.4092
-52.4628
-52.5179
-52.5708
-52.6252
-52.6792
-52.7326
-52.7875
-52.8419
-52.8956
-52.9485
-53.0028
-53.0587
-53.1114
-53.1654
-53.2184
-53.2729
-53.3288
-53.3836
-53.4371
-53.4921
-53.5456
-53.6005
-53.657
-53.7119
-53.765
-53.8195
-53.872
-53.9259
-53.9813
-54.0345
-54.0851
-54.1371
-54.1946
-54.2495
-54.3015
-54.355
-54.4099
-54.4616
-54.5147
