1.09861
0.867622
0.842046
0.819203
0.796998
0.774098
0.749721
0.723467
0.69519
0.664901
0.632702
0.598746
0.563206
0.526255
0.488058
0.448766
0.408511
0.367409
0.325558
0.283041
0.239929
0.196281
0.152145
0.107562
0.0625683
0.0171916
-0.0285424
-0.0746124
-0.120999
-0.167687
-0.214661
-0.261907
-0.309415
-0.357174
-0.405175
-0.453408
-0.501867
-0.550545
-0.599435
-0.648532
-0.697831
-0.747329
-0.797022
-0.846908
-0.896983
-0.947247
-0.997697
-1.04833
-1.09915
-1.15016
-1.20134
-1.25271
-1.30426
-1.35598
-1.40789
-1.45996
-1.5122
-1.56461
-1.61718
-1.66989
-1.72275
-1.77575
-1.82888
-1.88212
-1.93546
-1.98891
-2.04244
-2.09604
-2.14972
-2.20345
-2.25722
-2.31105
-2.3649
-2.41879
-2.4727
-2.52663
-2.58057
-2.63453
-2.6885
-2.74247
-2.79646
-2.85045
-2.90444
-2.95844
-3.01245
-3.06645
-3.12046
-3.17447
-3.22848
-3.28249
-3.33651
-3.39052
-3.44454
-3.49856
-3.55258
-3.6066
-3.66062
-3.71465
-3.76867
-3.8227
-3.87672
-3.93075
-3.98478
-4.0388
-4.09283
-4.14686
-4.20089
-4.25492
-4.30896
-4.36299
-4.41702
-4.47106
-4.52509
-4.57913
-4.63316
-4.6872
-4.74124
-4.79528
-4.84932
-4.90336
-4.95741
-5.01145
-5.0655
-5.11954
-5.17359
-5.22764
-5.28169
-5.33574
-5.38979
-5.44384
-5.4979
-5.55195
-5.60601
-5.66006
-5.71412
-5.76817
-5.82223
-5.87628
-5.93034
-5.9844
-6.03846
-6.09251
-6.14657
-6.20063
-6.25468
-6.30874
-6.3628
-6.41686
-6.47091
-6.52497
-6.57903
-6.63309
-6.68714
-6.7412
-6.79526
-6.84931
-6.90337
-6.95743
-7.01149
-7.06554
-7.1196
-7.17366
-7.22772
-7.28177
-7.33583
-7.38989
-7.44394
-7.498
-7.55206
-7.60612
-7.66017
-7.71423
-7.76829
-7.82234
-7.8764
-7.93046
-7.98452
-8.03857
-8.09263
-8.14669
-8.20075
-8.2548
-8.30886
-8.36292
-8.41697
-8.47103
-8.52509
-8.57915
-8.6332
-8.68726
-8.74132
-8.79538
-8.84943
-8.90349
-8.95755
-9.01161
-9.06566
-9.11972
-9.17378
-9.22783
-9.28189
-9.33595
-9.39001
-9.44406
-9.49812
-9.55218
-9.60624
-9.66029
-9.71435
-9.76841
-9.82246
-9.87652
-9.93058
-9.98464
-10.0387
-10.0928
-10.1468
-10.2009
-10.2549
-10.309
-10.363
-10.4171
-10.4712
-10.5252
-10.5793
-10.6333
-10.6874
-10.7414
-10.7955
-10.8496
-10.9036
-10.9577
-11.0117
-11.0658
-11.1198
-11.1739
-11.228
-11.282
-11.3361
-11.3901
-11.4442
-11.4982
-11.5523
-11.6064
-11.6604
-11.7145
-11.7685
-11.8226
-11.8766
-11.9307
-11.9848
-12.0388
-12.0929
-12.1469
-12.201
-12.255
-12.3091
-12.3632
-12.4172
-12.4713
-12.5253
-12.5794
-12.6334
-12.6875
-12.7416
-12.7956
-12.8497
-12.9037
-12.9578
-13.0118
-13.0659
-13.12
-13.174
-13.2281
-13.2821
-13.3362
-13.3902
-13.4443
-13.4984
-13.5524
-13.6065
-13.6605
-13.7146
-13.7687
-13.8227
-13.8768
-13.9308
-13.9849
-14.0389
-14.093
-14.1471
-14.2011
-14.2552
-14.3092
-14.3633
-14.4173
-14.4714
-14.5255
-14.5795
-14.6336
-14.6876
-14.7417
-14.7957
-14.8498
-14.9039
-14.9579
-15.012
-15.066
-15.1201
-15.1741
-15.2282
-15.2823
-15.3363
-15.3904
-15.4444
-15.4985
-15.5525
-15.6066
-15.6607
-15.7147
-15.7688
-15.8228
-15.8769
-15.9309
-15.985
-16.0391
-16.0931
-16.1472
-16.2012
-16.2553
-16.3093
-16.3634
-16.4175
-16.4715
-16.5256
-16.5796
-16.6337
-16.6877
-16.7418
-16.7959
-16.8499
-16.904
-16.958
-17.0121
-17.0661
-17.1202
-17.1743
-17.2283
-17.2824
-17.3364
-17.3905
-17.4446
-17.4986
-17.5527
-17.6067
-17.6608
-17.7148
-17.7689
-17.823
-17.877
-17.9311
-17.9851
-18.0392
-18.0932
-18.1473
-18.2014
-18.2554
-18.3095
-18.3635
-18.4176
-18.4716
-18.5257
-18.5798
-18.6338
-18.6879
-18.7419
-18.796
-18.85
-18.9041
-18.9582
-19.0122
-19.0663
-19.1203
-19.1744
-19.2284
-19.2825
-19.3366
-19.3906
-19.4447
-19.4987
-19.5528
-19.6068
-19.6609
-19.715
-19.769
-19.8231
-19.8771
-19.9312
-19.9852
-20.0393
-20.0934
-20.1474
-20.2015
-20.2555
-20.3096
-20.3636
-20.4177
-20.4718
-20.5258
-20.5799
-20.6339
-20.688
-20.742
-20.7961
-20.8502
-20.9042
-20.9583
-21.0123
-21.0664
-21.1205
-21.1745
-21.2286
-21.2826
-21.3367
-21.3907
-21.4448
-21.4989
-21.5529
-21.607
-21.661
-21.7151
-21.7691
-21.8232
-21.8773
-21.9313
-21.9854
-22.0394
-22.0935
-22.1475
-22.2016
-22.2557
-22.3097
-22.3638
-22.4178
-22.4719
-22.5259
-22.58
-22.6341
-22.6881
-22.7422
-22.7962
-22.8503
-22.9043
-22.9584
-23.0125
-23.0665
-23.1206
-23.1746
-23.2287
-23.2827
-23.3368
-23.3909
-23.4449
-23.499
-23.553
-23.6071
-23.6611
-23.7152
-23.7693
-23.8233
-23.8774
-23.9314
-23.9855
-24.0395
-24.0936
-24.1477
-24.2017
-24.2558
-24.3098
-24.3639
-24.4179
-24.472
-24.5261
-24.5801
-24.6342
-24.6882
-24.7423
-24.7963
-24.8504
-24.9045
-24.9585
-25.0126
-25.0666
-25.1207
-25.1748
-25.2288
-25.2829
-25.3369
-25.391
-25.445
-25.4991
-25.5532
-25.6072
-25.6613
-25.7153
-25.7694
-25.8234
-25.8775
-25.9316
-25.9856
-26.0397
-26.0937
-26.1478
-26.2018
-26.2559
-26.31
-26.364
-26.4181
-26.4721
-26.5262
-26.5802
-26.6343
-26.6884
-26.7424
-26.7965
-26.8505
-26.9046
-26.9586
-27.0127
-27.0668
-27.1208
-27.1749
-27.2289
-27.283
-27.337
-27.3911
-27.4452
-27.4992
-27.5533
-27.6073
-27.6614
-27.7154
-27.7695
-27.8236
-27.8776
-27.9317
-27.9857
-28.0398
-28.0938
-28.1479
-28.202
-28.256
-28.3101
-28.3641
-28.4182
-28.4722
-28.5263
-28.5804
-28.6344
-28.6885
-28.7425
-28.7966
-28.8507
-28.9047
-28.9588
-29.0128
-29.0669
-29.1209
-29.175
-29.2291
-29.2831
-29.3372
-29.3912
-29.4453
-29.4993
-29.5534
-29.6075
-29.6615
-29.7156
-29.7696
-29.8237
-29.8777
-29.9318
-29.9859
-30.0399
-30.094
-30.148
-30.2021
-30.2561
-30.3102
-30.3643
-30.4183
-30.4724
-30.5264
-30.5805
-30.6345
-30.6886
-30.7427
-30.7967
-30.8508
-30.9048
-30.9589
-31.0129
-31.067
-31.1211
-31.1751
-31.2292
-31.2832
-31.3373
-31.3913
-31.4454
-31.4995
-31.5535
-31.6076
-31.6616
-31.7157
-31.7697
-31.8238
-31.8779
-31.9319
-31.986
-32.04
-32.0941
-32.1481
-32.2022
-32.2563
-32.3103
-32.3644
-32.4184
-32.4725
-32.5265
-32.5806
-32.6347
-32.6887
-32.7428
-32.7968
-32.8509
-32.905
-32.959
-33.0131
-33.0671
-33.1212
-33.1752
-33.2293
-33.2834
-33.3374
-33.3915
-33.4455
-33.4996
-33.5536
-33.6077
-33.6618
-33.7158
-33.7699
-33.8239
-33.878
-33.932
-33.9861
-34.0402
-34.0942
-34.1483
-34.2023
-34.2564
-34.3104
-34.3645
-34.4186
-34.4726
-34.5267
-34.5807
-34.6348
-34.6888
-34.7429
-34.797
-34.851
-34.9051
-34.9591
-35.0132
-35.0672
-35.1213
-35.1754
-35.2294
-35.2835
-35.3375
-35.3916
-35.4456
-35.4997
-35.5538
-35.6078
-35.6619
-35.7159
-35.77
-35.824
-35.8781
-35.9322
-35.9862
-36.0403
-36.0943
-36.1484
-36.2024
-36.2565
-36.3106
-36.3646
-36.4187
-36.4727
-36.5268
-36.5809
-36.6349
-36.689
-36.743
-36.7971
-36.8511
-36.9052
-36.9593
-37.0133
-37.0674
-37.1214
-37.1755
-37.2295
-37.2836
-37.3377
-37.3917
-37.4458
-37.4998
-37.5539
-37.6079
-37.662
-37.7161
-37.7701
-37.8242
-37.8782
-37.9323
-37.9863
-38.0404
-38.0945
-38.1485
-38.2026
-38.2566
-38.3107
-38.3647
-38.4188
-38.4729
-38.5269
-38.581
-38.635
-38.6891
-38.7431
-38.7972
-38.8513
-38.9053
-38.9594
-39.0134
-39.0675
-39.1215
-39.1756
-39.2297
-39.2837
-39.3378
-39.3918
-39.4459
-39.4999
-39.554
-39.6081
-39.6621
-39.7162
-39.7702
-39.8243
-39.8783
-39.9324
-39.9865
-40.0405
-40.0946
-40.1486
-40.2027
-40.2567
-40.3108
-40.3649
-40.4189
-40.473
-40.527
-40.5811
-40.6351
-40.6892
-40.7433
-40.7973
-40.8514
-40.9054
-40.9595
-41.0135
-41.0676
-41.1217
-41.1757
-41.2298
-41.2838
-41.3379
-41.392
-41.446
-41.5001
-41.5541
-41.6082
-41.6622
-41.7163
-41.7704
-41.8244
-41.8785
-41.9325
-41.9866
-42.0407
-42.0947
-42.1488
-42.2028
-42.2569
-42.3109
-42.365
-42.4191
-42.4731
-42.5272
-42.5812
-42.6353
-42.6893
-42.7434
-42.7974
-42.8515
-42.9055
-42.9596
-43.0137
-43.0677
-43.1218
-43.1758
-43.2299
-43.2839
-43.338
-43.392
-43.4461
-43.5002
-43.5542
-43.6083
-43.6623
-43.7164
-43.7704
-43.8245
-43.8786
-43.9326
-43.9867
-44.0407
-44.0948
-44.1489
-44.2029
-44.257
-44.311
-44.3651
-44.4191
-44.4732
-44.5272
-44.5813
-44.6353
-44.6894
-44.7434
-44.7975
-44.8515
-44.9056
-44.9597
-45.0137
-45.0677
-45.1218
-45.1758
-45.2299
-45.284
-45.338
-45.3921
-45.4462
-45.5002
-45.5543
-45.6084
-45.6625
-45.7165
-45.7706
-45.8247
-45.8787
-45.9328
-45.9869
-46.0409
-46.0949
-46.1491
-46.2032
-46.2573
-46.3114
-46.3655
-46.4194
-46.4734
-46.5275
-46.5816
-46.6355
-46.6896
-46.7437
-46.7977
-46.8518
-46.9058
-46.9599
-47.0139
-47.068
-47.1221
-47.1761
-47.2302
-47.2842
-47.3382
-47.3923
-47.4464
-47.5005
-47.5546
-47.6086
-47.6626
-47.7167
-47.7707
-47.8248
-47.879
-47.933
-47.9871
-48.0411
-48.0952
-48.1494
-48.2035
-48.2576
-48.3116
-48.3656
-48.4196
-48.4737
-48.5279
-48.5818
-48.6359
-48.6899
-48.744
-48.798
-48.852
-48.9061
-48.9601
-49.0143
-49.0682
-49.1222
-49.1764
-49.2303
-49.2843
-49.3383
-49.3923
-49.4463
-49.5006
-49.5547
-49.6086
-49.6624
-49.7158
-49.7698
-49.8234
-49.8775
-49.9322
-49.9863
-50.0398
-50.0938
-50.1482
-50.2018
-50.2557
-50.3099
-50.3644
-50.4185
-50.4722
-50.5261
-50.5807
-50.6348
-50.6889
-50.7431
-50.7972
-50.8513
-50.9053
-50.9599
-51.0135
-51.0678
-51.1217
-51.1762
-51.2304
-51.2841
-51.3383
-51.392
-51.4461
-51.5006
-51.5544
-51.6074
-51.6618
-51.7154
-51.7692
-51.8232
-51.8774
-51.9318
-51.9863
-52.0401
-52.0941
-52.148
-52.2019
-52.2565
-52.3102
-52.3636
-52.4177
-52.4725
