1665 41016 36339
1460 40901 36420
1326 40804 36472
1244 40812 36429
1107 40830 36392
1002 40845 36371
924 40906 36295
852 41004 36196
737 41097 36105
683 41263 35941
618 41411 35790
580 41576 35635
513 41716 35521
453 41905 35346
447 42091 35165
411 42279 35005
383 42491 34803
343 42688 34632
312 42892 34439
289 43143 34232
242 43376 34038
230 43620 33825
201 43848 33629
187 44124 33387
167 44379 33152
158 44678 32890
131 44928 32675
132 45199 32441
119 45509 32172
102 45808 31902
106 46078 31662
117 46403 31373
122 46673 31123
115 46980 30865
95 47216 30659
91 47510 30409
78 47770 30182
76 48039 29950
69 48310 29721
73 48580 29498
80 48825 29280
69 49062 29075
58 49356 28820
57 49603 28612
64 49876 28383
70 50121 28173
78 50385 27955
70 50633 27734
74 50872 27537
68 51120 27314
62 51346 27119
58 51572 26928
56 51827 26714
58 52081 26503
55 52330 26301
45 52547 26123
43 52789 25926
42 53027 25733
41 53271 25532
41 53514 25326
43 53744 25132
38 53994 24931
32 54218 24743
27 54447 24551
25 54666 24363
34 54899 24170
38 55131 23979
29 55331 23821
30 55557 23627
29 55776 23442
28 56015 23252
27 56254 23059
30 56455 22884
36 56671 22707
29 56918 22496
37 57137 22305
37 57340 22130
41 57567 21936
43 57801 21750
51 58016 21576
54 58234 21394
52 58412 21245
47 58628 21072
43 58836 20894
37 59052 20718
35 59261 20554
42 59469 20385
41 59641 20252
34 59840 20090
39 60021 19941
37 60200 19799
30 60402 19642
38 60583 19492
35 60767 19351
31 60994 19164
30 61193 19019
36 61377 18871
38 61596 18695
43 61765 18559
56 61922 18416
46 62107 18274
51 62275 18136
51 62465 17985
49 62621 17857
58 62771 17730
50 62926 17610
52 63119 17450
59 63270 17331
65 63445 17193
67 63616 17054
78 63769 16930
79 63917 16810
81 64066 16698
74 64226 16574
66 64383 16459
70 64543 16346
62 64691 16220
55 64852 16091
52 65006 15963
46 65152 15860
45 65298 15739
53 65463 15601
50 65629 15476
63 65769 15366
63 65901 15261
59 66037 15163
56 66193 15044
58 66341 14929
54 66478 14820
56 66581 14734
58 66707 14641
61 66845 14527
55 66974 14428
58 67112 14316
65 67261 14192
79 67405 14069
75 67528 13972
86 67657 13867
91 67753 13789
95 67859 13716
94 67976 13625
104 68135 13498
103 68255 13410
104 68387 13310
112 68524 13203
120 68644 13116
118 68728 13050
121 68811 12991
151 68929 12904
186 69003 12841
208 69096 12771
207 69167 12721
219 69243 12662
199 69301 12631
208 69368 12579
210 69411 12546
228 69453 12515
216 69516 12460
226 69579 12412
253 69643 12353
264 69669 12335
283 69713 12293
319 69743 12273
341 69774 12248
379 69764 12241
421 69784 12223
473 69781 12213
540 69710 12250
591 69667 12286
634 69563 12346
685 69454 12420
719 69340 12496
727 69186 12617
759 69066 12690
808 68963 12761
891 68801 12863
982 68629 12972
1081 68416 13123
1160 68203 13253
1233 67889 13461
1317 67560 13686
1416 67242 13907
1485 66894 14125
1569 66542 14358
1633 66136 14611
1734 65767 14862
1829 65312 15164
1912 64810 15503
2022 64300 15837
2104 63780 16180
2151 63218 16562
2209 62673 16920
2354 62086 17303
2411 61478 17707
2442 60886 18084
2499 60250 18495
2510 59585 18948
2543 58997 19347
2602 58388 19746
2574 57738 20182
2582 57145 20567
2628 56516 20975
2620 55907 21375
2613 55258 21806
2607 54691 22163
2598 54072 22573
2503 53450 23005
2451 52849 23401
2427 52350 23721
2389 51904 23993
2308 51460 24265
2176 50987 24578
2091 50550 24857
2003 50186 25090
1896 49836 25332
1839 49512 25534
1784 49162 25735
1729 48874 25905
1650 48607 26061
1531 48398 26188
1459 48236 26274
1403 48037 26376
1354 47884 26455
1261 47715 26550
1241 47601 26602
1118 47480 26665
1048 47389 26703
991 47290 26756
929 47306 26716
821 47305 26702
779 47345 26639
783 47370 26563
738 47371 26535
691 47441 26453
669 47471 26405
609 47531 26344
582 47617 26246
555 47675 26176
523 47738 26120
473 47849 26018
453 47957 25908
426 48101 25778
409 48244 25649
384 48414 25506
350 48541 25399
326 48702 25255
316 48841 25132
312 48964 25010
301 49134 24855
287 49312 24700
287 49477 24555
269 49650 24406
273 49837 24253
279 50008 24111
271 50182 23968
248 50358 23834
231 50519 23685
224 50679 23543
233 50861 23396
236 50995 23282
229 51153 23160
218 51313 23016
192 51546 22827
185 51720 22667
181 51912 22516
149 52102 22368
139 52283 22229
136 52477 22072
125 52695 21892
126 52887 21741
123 53071 21596
116 53273 21429
124 53460 21270
112 53665 21115
104 53857 20972
103 54056 20815
104 54230 20672
106 54403 20536
120 54564 20401
110 54736 20270
112 54928 20113
111 55115 19979
116 55276 19862
118 55458 19721
105 55612 19594
96 55793 19446
95 56011 19272
99 56195 19124
81 56370 18990
86 56553 18844
87 56759 18679
85 56942 18540
83 57117 18391
84 57287 18254
88 57451 18131
91 57602 18011
79 57780 17877
86 57965 17734
91 58133 17604
89 58286 17494
95 58443 17375
87 58605 17262
82 58742 17145
85 58904 17019
75 59079 16885
84 59242 16744
77 59397 16626
83 59570 16493
87 59708 16396
87 59870 16276
92 60006 16170
103 60140 16079
90 60255 15998
104 60389 15896
99 60526 15795
94 60699 15675
111 60843 15565
118 60972 15482
122 61109 15386
120 61242 15289
125 61364 15212
132 61523 15101
130 61626 15034
121 61736 14952
128 61876 14839
154 61994 14742
148 62114 14656
146 62226 14573
159 62334 14479
166 62431 14400
183 62536 14329
190 62657 14235
201 62762 14158
213 62862 14073
203 62946 14013
223 63036 13947
225 63153 13854
238 63238 13790
253 63317 13737
284 63394 13673
290 63455 13627
304 63500 13581
329 63585 13505
312 63628 13472
340 63695 13424
336 63744 13397
328 63816 13346
345 63860 13305
374 63902 13264
409 63893 13250
404 63938 13225
427 63956 13211
447 63985 13192
457 63977 13219
511 63962 13222
552 63932 13234
565 63936 13229
598 63940 13212
620 63879 13257
721 63812 13276
734 63713 13345
795 63592 13419
849 63467 13499
887 63366 13571
909 63243 13649
933 63076 13760
923 62915 13883
939 62743 13997
992 62549 14107
986 62363 14238
986 62182 14367
999 62002 14479
1056 61838 14564
1037 61653 14695
1109 61410 14830
1181 61164 14963
1250 60938 15093
1319 60700 15232
1313 60462 15399
1339 60206 15572
1381 59953 15745
1426 59675 15940
1497 59392 16121
1536 59054 16335
1575 58738 16535
1622 58386 16755
1676 58080 16955
1685 57711 17211
1723 57346 17480
1658 56953 17772
1620 56572 18052
1604 56247 18270
1579 55930 18472
1553 55598 18676
1545 55300 18865
1519 54981 19070
1484 54760 19213
1409 54518 19384
1330 54269 19552
1308 54051 19685
