5034 122580 109474
4566 122201 109710
4147 121920 109854
3737 121714 109951
3374 121676 109900
2975 121712 109835
2704 121856 109653
2440 122094 109390
2223 122444 109029
1986 122926 108575
1780 123426 108099
1593 123963 107605
1428 124506 107112
1293 125086 106560
1168 125730 106010
1009 126365 105428
912 127096 104772
836 127793 104151
788 128487 103520
739 129242 102856
696 130016 102167
646 130743 101514
605 131487 100872
541 132268 100193
465 133091 99469
425 133929 98732
408 134785 97988
396 135630 97241
367 136473 96531
351 137312 95812
375 138159 95067
363 139040 94295
315 139839 93608
301 140599 92931
282 141459 92172
233 142249 91493
225 143036 90822
213 143825 90153
191 144648 89454
180 145472 88761
171 146249 88087
164 147016 87421
134 147803 86762
166 148621 86054
160 149371 85409
158 150111 84754
149 150932 84054
127 151691 83401
127 152538 82698
138 153314 82030
129 154065 81397
124 154807 80777
121 155563 80142
124 156310 79509
122 157017 78902
106 157782 78256
110 158546 77592
105 159261 76988
93 159968 76397
100 160694 75775
91 161433 75162
100 162188 74535
103 162909 73917
130 163626 73332
125 164318 72740
130 165065 72108
118 165748 71537
128 166402 71000
132 167084 70433
129 167776 69857
102 168407 69331
92 169099 68757
101 169795 68172
105 170453 67631
124 171113 67096
123 171715 66597
114 172348 66077
114 172915 65627
133 173536 65124
135 174153 64615
129 174779 64108
131 175392 63593
127 176027 63077
133 176636 62571
129 177293 62029
136 177851 61560
139 178392 61111
144 178966 60647
141 179576 60162
162 180125 59715
162 180698 59250
162 181275 58805
152 181850 58331
170 182373 57899
180 182901 57467
199 183408 57057
207 183939 56634
214 184460 56196
229 184972 55785
269 185438 55401
289 185896 55027
289 186328 54681
277 186769 54325
312 187235 53942
332 187695 53557
363 188129 53198
394 188591 52840
404 189031 52489
444 189418 52181
490 189830 51830
551 190209 51518
611 190519 51242
656 190863 50951
692 191194 50670
690 191454 50462
705 191759 50212
735 192026 49980
744 192298 49749
821 192602 49495
890 192822 49302
992 193039 49106
963 193170 48967
1035 193389 48755
1097 193559 48611
1152 193744 48429
1236 193840 48320
1289 193944 48190
1372 194033 48080
1481 194067 47987
1615 194093 47933
1645 194082 47915
1732 194080 47873
1833 194038 47854
1931 193964 47854
2048 193807 47916
2156 193637 48007
2200 193378 48174
2319 193100 48345
2393 192865 48514
2522 192597 48655
2556 192226 48908
2677 191922 49081
2795 191513 49343
2971 191127 49574
3019 190627 49912
3177 190231 50161
3233 189641 50541
3367 189113 50903
3533 188506 51295
3592 187916 51714
3731 187262 52126
3884 186540 52609
4049 185826 53065
3968 185020 53644
4054 184242 54157
4128 183425 54679
4170 182647 55215
4183 181887 55728
4156 181129 56257
4181 180355 56777
4225 179564 57291
4272 178722 57842
4308 177893 58389
4320 177132 58889
4339 176400 59386
4244 175635 59915
4280 174896 60417
4206 174131 60933
4266 173401 61411
4148 172603 61946
4007 171897 62437
3852 171256 62890
3791 170622 63309
3720 170055 63692
3610 169494 64059
3530 169014 64377
3336 168575 64695
3258 168195 64928
3176 167797 65152
3138 167491 65323
3136 167093 65527
3073 166730 65711
3032 166410 65865
3039 166203 65949
3000 165853 66157
2889 165613 66268
2852 165402 66351
2772 165170 66479
2724 164991 66547
2638 164758 66637
2524 164553 66719
2460 164400 66779
2432 164263 66797
2400 164119 66848
2313 164004 66879
2327 163944 66831
2274 163876 66795
2269 163827 66762
2182 163794 66732
2221 163766 66667
2190 163751 66580
2145 163741 66508
2174 163703 66417
2120 163699 66352
2108 163709 66266
2114 163673 66208
2154 163652 66127
2176 163646 66029
2150 163572 66002
2194 163524 65918
2250 163479 65852
2246 163396 65817
2283 163375 65698
2274 163294 65634
2334 163205 65576
2295 163092 65583
2295 162996 65570
2287 162921 65520
2288 162812 65466
2320 162671 65463
2357 162599 65409
2399 162475 65398
2397 162364 65344
2394 162221 65347
2478 162161 65275
2502 161982 65277
2499 161857 65260
2493 161712 65279
2519 161615 65233
2543 161433 65275
2643 161251 65281
2613 161045 65314
2607 160888 65314
2629 160727 65336
2625 160560 65355
2543 160365 65396
2568 160212 65403
2527 160015 65438
2509 159842 65447
2522 159712 65452
2545 159590 65440
2625 159401 65446
2605 159226 65467
2563 159038 65472
2606 158828 65522
2611 158667 65523
2561 158582 65501
2488 158490 65480
2455 158401 65457
2292 158292 65459
2294 158209 65439
2233 158184 65367
2194 158193 65280
2147 158195 65211
2166 158134 65155
2238 158136 65020
2167 158147 64940
2099 158144 64855
2084 158130 64771
2088 158169 64660
2087 158213 64548
2127 158289 64408
2121 158261 64329
2137 158216 64291
2167 158264 64158
2077 158290 64098
2028 158250 64046
2024 158248 63986
1997 158317 63869
2001 158363 63757
1954 158407 63659
1918 158418 63585
1908 158453 63508
1905 158543 63366
1806 158567 63278
1746 158697 63151
1769 158829 62994
1679 158912 62869
1643 159035 62726
1597 159162 62578
1587 159281 62438
1552 159441 62276
1508 159673 62045
1460 159883 61837
1439 160061 61675
1420 160244 61517
1451 160509 61296
1370 160730 61096
1388 160948 60897
1323 161218 60679
1275 161430 60461
1208 161566 60329
1216 161867 60051
1199 162114 59839
1177 162400 59585
1171 162643 59360
1166 162914 59110
1154 163181 58867
1118 163457 58645
1120 163713 58405
1134 164017 58156
1075 164219 57977
1033 164563 57723
1068 164843 57475
1065 165130 57244
1117 165401 57018
1117 165634 56814
1108 165969 56543
1071 166201 56341
1015 166457 56137
1010 166786 55867
1006 167102 55598
945 167349 55389
953 167666 55122
928 167966 54883
913 168260 54672
885 168630 54379
843 168923 54155
840 169234 53907
821 169589 53645
848 169880 53407
795 170224 53124
785 170502 52910
779 170874 52623
769 171234 52321
744 171568 52079
748 171925 51819
758 172268 51566
722 172616 51305
747 172992 51006
741 173335 50738
755 173711 50470
715 173999 50239
691 174306 50015
702 174595 49800
710 174945 49524
680 175260 49318
673 175573 49071
686 175915 48821
676 176217 48596
623 176558 48359
620 176905 48122
578 177242 47886
590 177605 47618
592 177934 47387
582 178281 47129
571 178626 46867
571 178964 46614
610 179345 46346
676 179684 46087
682 180003 45831
698 180345 45566
711 180641 45347
666 180957 45127
691 181211 44944
713 181467 44744
716 181748 44546
724 182016 44371
762 182257 44180
752 182503 43999
799 182746 43816
767 182947 43675
821 183196 43491
911 183415 43327
952 183614 43173
946 183750 43068
945 183925 42953
936 184093 42831
886 184330 42684
897 184577 42507
882 184789 42390
880 185007 42247
893 185249 42087
924 185428 41973
933 185598 41829
924 185766 41720
928 185980 41587
912 186184 41465
925 186379 41327
930 186540 41223
939 186696 41126
962 186851 41029
914 187030 40917
947 187207 40794
989 187364 40698
1043 187556 40577
1012 187660 40530
1031 187812 40453
1049 187956 40384
1024 188043 40317
1078 188152 40246
1089 188248 40190
1098 188397 40101
1091 188432 40081
1060 188578 40008
964 188680 39974
955 188849 39877
990 189028 39750
996 189188 39642
1026 189335 39555
