5469 123219 109162
5411 123000 109385
5369 122814 109579
5412 122633 109739
5439 122457 109913
5489 122289 110063
5431 122082 110265
5435 121907 110461
5437 121754 110615
5396 121581 110792
5393 121442 110950
5380 121274 111121
5372 121033 111358
5357 120905 111494
5330 120709 111686
5330 120529 111842
5373 120397 111971
5373 120266 112117
5326 120028 112351
5242 119847 112546
5242 119711 112686
5198 119501 112899
5191 119337 113084
5149 119187 113247
5153 119010 113418
5142 118867 113587
5074 118735 113729
5076 118576 113869
4987 118392 114051
4961 118227 114218
4932 118114 114340
4906 117947 114494
4880 117807 114643
4848 117679 114776
4877 117641 114852
4904 117519 114960
4863 117393 115100
4811 117292 115230
4749 117170 115374
4695 117053 115507
4682 116950 115594
4645 116852 115709
4623 116831 115782
4626 116676 115925
4656 116550 116031
4629 116445 116138
4605 116313 116280
4598 116178 116415
4561 116050 116527
4481 115925 116671
4430 115794 116808
4373 115710 116908
4324 115621 117025
4323 115607 117079
4315 115538 117157
4323 115483 117206
4318 115440 117255
4278 115362 117329
4280 115330 117381
4222 115279 117448
4227 115223 117508
4200 115146 117588
4229 115120 117618
4173 115067 117675
4110 115029 117738
4089 114996 117779
4080 114975 117814
4066 114961 117859
4042 114907 117911
4023 114866 117952
3992 114839 118006
3938 114780 118066
3899 114766 118107
3925 114750 118152
3905 114705 118209
3852 114686 118219
3861 114737 118216
3789 114752 118225
3778 114754 118236
3726 114737 118276
3739 114728 118298
3637 114713 118335
3663 114732 118319
3621 114737 118322
3636 114765 118323
3607 114826 118305
3597 114840 118298
3576 114901 118280
3563 114945 118253
3525 114912 118309
3474 114956 118307
3454 114980 118324
3414 115011 118320
3413 115036 118340
3371 115051 118342
3370 115040 118330
3330 115050 118349
3303 115055 118371
3305 115071 118378
3307 115085 118376
3290 115114 118365
3294 115159 118338
3245 115208 118321
3241 115253 118288
3233 115313 118261
3249 115343 118245
3232 115422 118206
3189 115436 118223
3130 115506 118195
3145 115541 118179
3108 115553 118180
3135 115579 118177
3134 115620 118160
3105 115640 118160
3127 115637 118150
3107 115642 118133
3116 115746 118076
3079 115826 118038
3094 115848 118041
3105 115922 118001
3081 115982 117966
3112 116071 117924
3097 116116 117896
3120 116177 117853
3112 116221 117817
3093 116281 117766
3087 116298 117746
3066 116358 117720
3022 116414 117709
3030 116515 117646
3076 116567 117594
3071 116664 117548
3072 116774 117482
3091 116819 117458
3066 116891 117416
3038 116958 117381
3022 117013 117346
2993 117064 117336
2998 117151 117294
3015 117233 117241
3018 117266 117228
3015 117322 117199
2943 117413 117158
2960 117516 117103
2965 117543 117089
2917 117575 117084
2917 117608 117068
2960 117635 117040
2986 117684 117005
2986 117747 116969
2989 117778 116946
3047 117809 116901
3037 117880 116857
3047 117913 116837
3064 117955 116793
3105 118016 116731
3120 118089 116669
3197 118131 116620
3139 118148 116609
3107 118213 116580
3060 118279 116538
3087 118324 116491
3117 118337 116469
3151 118381 116415
3168 118420 116365
3160 118476 116316
3156 118507 116290
3157 118605 116209
3161 118596 116197
3173 118627 116163
3171 118688 116114
3127 118678 116107
3118 118744 116060
3156 118751 116036
3124 118803 115989
3108 118827 115992
3153 118901 115953
3192 118904 115938
3188 118864 115962
3172 118938 115905
3198 119013 115844
3202 119065 115815
3203 119135 115767
3176 119144 115765
3215 119188 115719
3254 119209 115688
3240 119192 115674
3206 119230 115647
3222 119203 115630
3196 119230 115622
3236 119261 115574
3259 119314 115546
3265 119307 115526
3283 119358 115471
3260 119382 115457
3261 119444 115409
3278 119443 115390
3295 119471 115364
3327 119448 115365
3286 119395 115382
3309 119378 115367
3328 119420 115336
3348 119380 115330
3357 119425 115271
3357 119415 115257
3374 119467 115202
3398 119497 115162
3370 119546 115111
3359 119544 115103
3373 119547 115051
3399 119557 115006
3396 119547 115014
3377 119563 114971
3358 119577 114948
3402 119595 114920
3400 119590 114906
3423 119589 114884
3417 119630 114832
3472 119629 114803
3539 119680 114736
3513 119682 114738
3561 119681 114707
3551 119681 114716
3551 119750 114657
3578 119746 114645
3607 119710 114637
3605 119715 114622
3606 119710 114614
3584 119716 114601
3599 119741 114577
3558 119697 114585
3562 119701 114568
3590 119699 114527
3604 119683 114515
3643 119629 114529
3641 119636 114513
3643 119605 114521
3639 119592 114500
3626 119519 114522
3639 119465 114530
3639 119426 114540
3658 119382 114548
3714 119402 114488
3731 119432 114446
3761 119380 114432
3774 119341 114443
3829 119319 114430
3872 119259 114414
3900 119191 114418
3884 119118 114442
3896 119096 114434
3868 119062 114435
3883 118999 114442
3877 118914 114459
3873 118878 114468
3881 118789 114495
3912 118737 114506
3941 118657 114516
3895 118602 114545
3918 118526 114569
3888 118538 114550
3863 118469 114583
3856 118410 114609
3931 118364 114574
3934 118325 114565
3975 118316 114535
4020 118305 114497
4006 118212 114529
4034 118127 114542
4077 118036 114562
4023 118001 114569
4026 117898 114578
4068 117816 114597
4065 117778 114598
4055 117707 114621
4084 117650 114611
4035 117600 114608
4050 117575 114580
4030 117518 114590
4045 117484 114583
4070 117435 114578
4127 117395 114558
4132 117330 114544
4111 117278 114557
4103 117201 114584
4057 117080 114649
4069 117052 114637
4078 116988 114642
4108 116906 114653
4140 116804 114645
4134 116708 114654
4147 116684 114633
4144 116628 114642
4102 116568 114653
4078 116530 114649
4056 116508 114644
4089 116477 114611
4083 116396 114648
4094 116380 114611
4141 116307 114611
4104 116251 114622
4130 116195 114616
4195 116089 114632
4217 116028 114644
4219 115924 114658
4269 115812 114694
4271 115759 114679
4294 115690 114683
4312 115577 114703
4313 115522 114681
4369 115467 114656
4326 115339 114706
4312 115302 114701
4315 115241 114700
4285 115156 114709
4310 115108 114708
4354 115040 114704
4404 114951 114712
4405 114882 114714
4471 114774 114728
4543 114666 114730
4600 114568 114753
4632 114482 114733
4634 114376 114757
4579 114247 114806
4609 114103 114849
4584 113936 114899
4564 113829 114899
4554 113713 114915
4560 113612 114902
4578 113490 114908
4572 113434 114890
4531 113364 114909
4467 113266 114918
4461 113190 114911
4473 113157 114891
4417 113089 114924
4364 113025 114921
4360 112949 114915
4360 112928 114892
4321 112855 114902
4305 112790 114903
4314 112731 114887
4310 112647 114897
4327 112568 114916
4326 112477 114931
4336 112412 114911
4372 112324 114916
4397 112230 114935
4349 112120 114963
4393 112015 114968
4417 111916 114952
4469 111831 114946
4436 111724 114973
4442 111647 114973
4409 111587 114964
4415 111490 114986
4428 111412 114957
4438 111349 114946
4459 111251 114946
4452 111131 114955
4425 111117 114900
4435 111078 114875
4457 110994 114858
4437 110891 114853
4426 110821 114842
4443 110764 114818
4462 110694 114802
4484 110587 114801
4433 110604 114753
4417 110546 114730
4402 110433 114755
4369 110342 114774
4334 110271 114794
4353 110182 114814
4407 110136 114808
4407 110065 114812
4364 110010 114802
4351 109982 114779
4324 109933 114750
4349 109898 114709
4319 109841 114711
4307 109779 114708
4333 109717 114677
4285 109670 114675
4319 109627 114655
4329 109579 114622
4339 109539 114585
4333 109475 114576
4313 109426 114547
4284 109364 114531
4238 109267 114540
4193 109225 114541
4159 109200 114505
4183 109102 114492
4154 109113 114454
4101 109081 114419
4100 109105 114371
4089 109089 114334
4075 109076 114318
