4984 122650 109546
4512 121993 110045
3992 121439 110475
3633 121071 110729
3246 120864 110870
2845 120711 110998
2516 120666 111035
2314 120801 110913
2035 120950 110753
1824 121272 110446
1596 121571 110173
1421 121954 109849
1258 122299 109548
1114 122777 109147
1040 123232 108745
916 123719 108297
803 124241 107851
775 124814 107355
703 125429 106836
608 126027 106331
571 126621 105823
488 127249 105300
450 127914 104747
402 128512 104233
374 129226 103639
343 129952 103037
310 130624 102469
272 131324 101871
268 132026 101282
246 132725 100688
237 133379 100127
234 134049 99580
208 134715 99030
201 135475 98392
191 136165 97814
167 136846 97245
155 137514 96690
146 138245 96106
149 138970 95500
139 139715 94876
138 140437 94263
138 141135 93695
139 141819 93131
133 142472 92596
149 143158 92018
155 143820 91467
148 144456 90949
127 145087 90430
110 145751 89867
102 146382 89359
98 147034 88839
101 147714 88266
100 148395 87731
105 149032 87233
97 149680 86709
90 150255 86241
93 150907 85708
86 151549 85169
76 152196 84658
68 152802 84180
67 153441 83653
75 154083 83119
76 154711 82594
70 155341 82088
70 156016 81534
58 156627 81040
56 157200 80584
49 157841 80078
60 158446 79580
65 159068 79077
67 159684 78582
66 160275 78097
72 160825 77654
71 161446 77157
81 162054 76668
80 162659 76162
77 163245 75681
74 163810 75237
81 164402 74765
80 164984 74285
81 165502 73859
94 166084 73388
89 166620 72959
87 167187 72502
88 167736 72052
91 168288 71595
87 168832 71152
74 169402 70704
70 169928 70280
95 170457 69856
104 171016 69398
112 171523 68985
111 172068 68551
123 172649 68098
120 173171 67667
132 173679 67268
130 174171 66890
119 174690 66464
128 175185 66047
117 175660 65674
144 176157 65270
152 176620 64890
127 177104 64498
132 177586 64121
144 178094 63717
150 178523 63386
147 178972 63027
153 179463 62635
157 179903 62279
155 180356 61900
167 180817 61532
182 181237 61187
177 181670 60843
170 182109 60500
181 182553 60132
174 183010 59756
173 183444 59428
184 183842 59117
203 184283 58761
208 184682 58431
211 185065 58125
218 185448 57812
228 185875 57463
232 186293 57137
234 186678 56832
236 187093 56516
240 187523 56182
235 187921 55874
251 188324 55556
235 188715 55244
242 189114 54921
226 189508 54601
250 189868 54306
242 190262 53976
283 190661 53655
305 191019 53372
324 191347 53119
366 191710 52816
403 192061 52504
436 192407 52243
463 192740 51954
500 193053 51690
502 193301 51496
512 193568 51246
551 193858 50983
558 194075 50783
557 194356 50541
579 194638 50310
610 194910 50061
671 195176 49831
704 195415 49593
740 195601 49416
750 195803 49230
770 195947 49087
800 196107 48916
826 196276 48745
879 196415 48577
902 196521 48461
909 196647 48332
1018 196697 48224
1049 196775 48108
1109 196810 48015
1186 196860 47888
1249 196812 47835
1337 196792 47754
1417 196692 47715
1494 196611 47654
1582 196489 47621
1728 196354 47592
1787 196155 47634
1833 195921 47686
1906 195684 47716
2012 195435 47762
2018 195203 47796
2069 194890 47874
2124 194566 47974
2102 194284 48075
2156 194007 48150
2209 193695 48258
2279 193294 48393
2386 192943 48487
2488 192611 48585
2553 192135 48744
2687 191662 48903
2860 191156 49062
2887 190567 49320
3046 190062 49478
3102 189411 49766
3212 188800 50010
3263 188100 50301
3359 187479 50560
3482 186815 50827
3635 186090 51110
3664 185252 51494
3762 184388 51860
3822 183571 52199
3873 182763 52516
4001 182001 52812
4081 181144 53156
4055 180249 53545
4021 179385 53911
4142 178491 54249
4202 177586 54619
4161 176726 54978
4150 175806 55386
4062 174923 55772
4005 174047 56151
3910 173280 56459
3966 172513 56701
3908 171754 56979
3857 171033 57220
3781 170302 57497
3684 169642 57772
3510 168955 58056
3451 168305 58311
3366 167734 58484
3267 167200 58652
3161 166661 58842
3117 166188 58951
2957 165734 59076
2846 165353 59166
2770 164994 59231
2651 164672 59300
2540 164353 59364
2472 164105 59376
2355 163879 59395
2265 163694 59408
2175 163498 59431
2105 163352 59385
2025 163240 59364
2049 163139 59290
1934 163059 59240
1873 162998 59166
1832 162980 59087
1732 162999 58989
1604 162932 58952
1491 162996 58836
1450 163051 58720
1393 163199 58548
1367 163300 58405
1295 163399 58269
1205 163506 58126
1111 163650 57972
1083 163820 57790
1106 164027 57589
1078 164203 57377
1050 164396 57169
1033 164575 56963
990 164788 56745
946 165022 56528
867 165240 56341
850 165459 56138
821 165693 55921
852 165937 55694
818 166191 55462
818 166426 55242
799 166687 55012
786 166974 54780
865 167199 54535
881 167437 54284
895 167668 54064
832 167905 53878
844 168111 53669
822 168362 53452
817 168596 53257
819 168879 53020
797 169074 52856
779 169346 52610
719 169538 52446
686 169830 52197
684 170036 51999
667 170272 51780
681 170551 51532
692 170823 51296
687 171066 51068
649 171320 50864
653 171598 50631
682 171841 50417
659 172090 50216
673 172346 50008
666 172570 49792
635 172851 49571
598 173136 49357
581 173410 49127
580 173678 48918
568 173933 48700
539 174214 48484
546 174526 48253
577 174857 47992
581 175084 47784
574 175321 47591
601 175584 47371
613 175822 47176
596 176085 46980
555 176319 46786
547 176619 46566
556 176920 46324
555 177165 46139
552 177456 45910
575 177706 45711
528 177962 45505
536 178209 45308
516 178478 45089
527 178772 44861
514 179037 44653
560 179302 44432
589 179551 44233
604 179781 44041
599 180000 43852
609 180196 43678
637 180444 43486
606 180673 43314
605 180915 43133
653 181143 42964
689 181318 42795
669 181558 42618
730 181754 42451
756 181959 42284
778 182108 42144
801 182268 41989
789 182445 41839
789 182611 41688
770 182757 41554
761 182921 41415
776 183085 41285
823 183186 41131
808 183295 41004
862 183481 40844
865 183573 40740
904 183706 40582
871 183858 40447
811 183973 40354
831 184132 40206
807 184304 40060
812 184423 39948
829 184565 39809
875 184689 39676
853 184814 39552
831 184923 39438
860 185024 39324
851 185113 39219
883 185145 39121
898 185272 38996
925 185354 38893
992 185387 38780
998 185421 38709
1029 185496 38584
1101 185543 38481
1126 185518 38446
1197 185537 38356
1220 185519 38286
1249 185498 38221
1206 185486 38194
1274 185431 38141
1258 185381 38106
1294 185365 38031
1285 185383 37951
1312 185337 37902
1373 185313 37838
1369 185213 37831
1400 185137 37817
1413 185101 37777
1434 185015 37764
1470 184933 37736
1482 184767 37738
1491 184702 37706
1499 184660 37685
1482 184555 37688
1471 184459 37685
1453 184358 37690
1400 184271 37692
1410 184224 37659
1418 184144 37650
1371 184099 37640
1384 184043 37608
1416 183965 37586
1408 183907 37551
1399 183886 37508
1423 183836 37470
1364 183760 37452
1382 183696 37411
1403 183602 37413
1426 183526 37386
1431 183469 37331
1425 183412 37316
1418 183306 37308
1363 183236 37299
1392 183189 37253
1374 183123 37229
1354 183136 37181
1355 183151 37116
1326 183129 37085
1360 183068 37064
1371 183014 37021
1351 182987 36982
1389 182989 36924
1434 182922 36895
1512 182784 36867
1511 182697 36850
1537 182547 36848
