1675 40831 36468
1503 40706 36533
1303 40624 36577
1185 40586 36599
1044 40602 36560
900 40637 36518
799 40707 36440
696 40836 36314
632 40979 36163
615 41122 36019
570 41274 35868
511 41443 35719
461 41636 35543
413 41848 35359
405 42095 35137
370 42289 34972
355 42534 34744
322 42759 34551
297 42974 34342
275 43205 34140
237 43455 33919
211 43696 33706
182 43932 33509
168 44194 33262
159 44460 33022
143 44738 32793
141 45019 32541
129 45322 32287
118 45630 32015
119 45910 31762
99 46170 31543
84 46481 31268
81 46724 31061
75 47008 30824
69 47282 30587
60 47549 30362
65 47833 30116
62 48082 29913
60 48364 29668
56 48636 29437
61 48901 29201
55 49160 28971
49 49415 28766
46 49677 28551
47 49949 28313
42 50194 28104
36 50465 27869
36 50708 27665
29 50960 27469
36 51241 27221
24 51502 27007
27 51755 26796
33 51987 26599
34 52235 26383
30 52476 26172
23 52719 25963
26 52947 25775
27 53207 25557
21 53440 25368
18 53694 25157
20 53959 24933
20 54226 24711
18 54453 24520
13 54665 24342
12 54905 24139
10 55151 23936
11 55390 23743
14 55614 23562
7 55839 23387
9 56063 23203
8 56296 23004
7 56562 22794
5 56778 22619
5 57024 22414
7 57258 22226
9 57470 22043
8 57670 21877
10 57883 21694
12 58099 21514
13 58336 21320
15 58559 21137
15 58774 20959
14 58979 20786
13 59201 20598
11 59415 20434
13 59655 20240
14 59860 20078
10 60051 19936
13 60270 19760
18 60461 19613
15 60669 19444
20 60878 19273
21 61075 19111
21 61279 18945
21 61483 18778
24 61680 18622
21 61880 18458
24 62064 18306
24 62248 18170
22 62418 18031
27 62611 17879
33 62770 17749
32 62956 17601
27 63118 17469
28 63280 17345
23 63442 17222
24 63636 17063
26 63794 16935
23 63982 16786
25 64150 16651
25 64323 16522
30 64464 16412
47 64650 16260
47 64806 16143
60 64976 16015
70 65130 15890
87 65248 15794
93 65380 15684
99 65501 15593
98 65645 15486
91 65748 15398
99 65877 15300
116 66036 15174
133 66154 15071
141 66259 14987
167 66380 14884
174 66477 14804
152 66578 14725
161 66677 14646
183 66772 14569
195 66869 14487
228 66974 14393
226 67054 14320
236 67147 14251
262 67215 14200
280 67281 14133
296 67334 14087
322 67384 14040
358 67400 14018
351 67398 14014
363 67463 13963
379 67502 13926
416 67506 13924
494 67522 13893
556 67529 13886
615 67510 13890
697 67437 13924
796 67340 13970
876 67228 14042
961 67087 14137
1011 66934 14234
1091 66715 14375
1176 66496 14494
1226 66222 14670
1340 65963 14835
1392 65697 15023
1491 65355 15246
1619 65023 15455
1729 64617 15704
1841 64179 16008
1906 63720 16322
2051 63217 16649
2143 62660 17025
2165 62117 17408
2192 61503 17838
2309 61003 18160
2383 60369 18566
2489 59775 18952
2511 59190 19328
2513 58550 19776
2555 57925 20201
2555 57272 20657
2531 56628 21073
2568 56046 21431
2552 55441 21838
2440 54826 22229
2426 54284 22566
2285 53674 22995
2254 53213 23300
2214 52759 23589
2123 52313 23870
2014 51853 24180
1953 51487 24397
1843 51138 24609
1763 50845 24778
1661 50563 24946
1596 50321 25101
1561 50031 25264
1466 49781 25405
1405 49586 25519
1312 49436 25620
1227 49317 25693
1140 49208 25753
1036 49119 25798
947 49064 25814
904 49015 25808
893 48981 25794
822 48936 25800
798 48955 25779
724 49000 25726
735 49025 25675
749 49087 25603
726 49079 25589
703 49095 25548
682 49166 25476
670 49240 25393
662 49303 25318
618 49397 25224
557 49486 25150
529 49583 25063
508 49668 24972
498 49759 24881
473 49849 24805
476 49961 24688
446 50061 24598
425 50185 24479
436 50292 24371
436 50421 24260
417 50531 24148
395 50686 24027
367 50823 23907
354 50937 23798
332 51062 23687
351 51218 23544
352 51363 23415
343 51475 23318
341 51633 23183
326 51782 23049
316 51946 22909
313 52098 22768
289 52235 22654
271 52352 22562
260 52478 22448
248 52616 22335
235 52793 22186
250 52953 22045
259 53070 21937
246 53212 21814
232 53421 21648
220 53558 21535
223 53722 21396
209 53920 21248
202 54107 21087
190 54255 20967
210 54408 20820
219 54591 20678
212 54756 20546
230 54907 20411
213 55040 20314
190 55189 20195
201 55346 20061
180 55480 19954
171 55650 19825
156 55810 19706
148 55959 19591
135 56133 19455
116 56307 19324
121 56472 19193
104 56641 19058
99 56804 18925
117 56991 18772
111 57147 18643
112 57346 18493
109 57509 18375
113 57703 18237
115 57882 18103
121 58035 17985
141 58171 17884
128 58310 17773
138 58486 17649
133 58621 17551
131 58767 17437
126 58890 17333
143 59055 17206
161 59204 17071
156 59334 16972
155 59467 16863
160 59594 16761
162 59729 16656
187 59864 16542
179 59993 16450
200 60142 16327
204 60244 16238
209 60379 16136
217 60506 16037
248 60613 15943
274 60721 15856
289 60794 15803
302 60875 15739
310 60913 15695
320 60996 15639
302 61045 15594
308 61111 15531
310 61203 15448
302 61246 15392
313 61346 15315
337 61439 15238
368 61498 15177
373 61544 15140
410 61604 15087
415 61623 15064
448 61660 15032
464 61676 15001
488 61683 14969
532 61695 14952
549 61692 14943
590 61693 14937
600 61677 14933
621 61621 14959
647 61548 14991
682 61517 14989
730 61481 15012
742 61416 15055
752 61365 15094
749 61265 15165
781 61223 15197
801 61140 15229
877 61056 15250
911 60961 15322
911 60810 15444
969 60676 15535
1027 60520 15624
1058 60340 15713
1000 60164 15844
1062 59998 15937
1049 59839 16055
1015 59714 16146
1070 59524 16244
1027 59353 16372
1020 59180 16483
995 59037 16575
1059 58903 16636
1114 58729 16721
1113 58533 16838
1136 58360 16936
1141 58188 17038
1148 58010 17149
1154 57758 17294
1151 57604 17399
1235 57422 17501
1242 57159 17670
1265 57001 17760
1287 56760 17915
1299 56575 18031
1322 56309 18192
1287 56075 18342
1287 55845 18476
1279 55648 18592
1255 55437 18730
1240 55228 18853
1261 55075 18934
1237 54906 19032
1213 54723 19135
1234 54536 19246
1217 54343 19349
1202 54193 19448
1195 54034 19536
1241 53834 19621
1232 53636 19750
1193 53454 19864
1163 53309 19949
1097 53186 20023
1042 53072 20091
1029 52964 20142
994 52838 20196
944 52705 20281
959 52657 20303
921 52566 20353
893 52503 20380
867 52430 20422
817 52401 20436
786 52351 20459
734 52325 20462
695 52322 20454
657 52336 20424
615 52362 20400
603 52440 20339
578 52485 20297
579 52536 20240
581 52559 20213
580 52626 20153
563 52692 20108
543 52735 20063
531 52768 20016
514 52850 19955
467 52846 19951
444 52916 19894
431 53013 19821
411 53091 19746
414 53158 19682
425 53201 19632
403 53314 19549
400 53412 19470
387 53482 19423
365 53597 19343
338 53686 19275
322 53812 19193
328 53920 19105
331 54034 19007
340 54138 18914
