237 197
242 193
244 194
249 139
203 117
164 130
171 134
188 121
184 148
156 149
162 146
177 190
198 215
173 207
176 252
171 237
156 234
166 241
164 213
164 228
160 252
170 230
174 237
165 226
183 189
203 179
228 179
212 162
176 123
181 81
165 63
136 60
157 52
161 66
184 68
194 78
201 95
211 98
205 126
175 162
184 183
179 204
140 241
126 275
136 322
114 317
84 354
97 348
90 334
119 278
119 304
125 259
100 230
115 187
169 190
192 171
254 152
281 110
327 120
377 109
396 113
361 107
329 133
304 146
261 143
240 161
183 163
126 194
111 186
82 188
72 160
89 122
82 128
116 133
126 160
125 142
157 148
157 167
163 225
183 220
274 241
285 232
313 267
338 261
312 231
270 227
244 219
197 162
190 149
157 156
155 154
151 163
139 138
118 121
130 116
144 120
159 151
175 151
173 152
170 132
169 106
202 131
195 158
159 221
169 227
203 208
211 268
224 305
215 303
193 346
198 342
185 330
174 298
203 187
213 139
215 113
207 73
200 63
207 85
184 94
184 95
177 111
189 106
165 109
174 111
170 122
163 142
159 138
152 136
138 167
147 193
130 181
170 226
130 297
150 309
159 350
202 334
204 303
242 278
244 232
256 173
257 136
265 140
265 145
241 120
191 118
160 117
155 152
164 135
151 162
152 177
151 192
139 226
158 256
182 243
161 206
179 238
208 228
231 209
190 217
186 186
168 168
140 166
145 127
131 148
153 163
141 202
179 200
200 213
156 218
178 222
182 212
203 210
218 256
226 224
243 187
189 169
181 150
166 127
175 112
180 85
183 94
180 96
176 92
174 104
174 142
170 138
159 167
175 205
174 229
150 266
150 307
160 309
191 334
201 320
186 329
197 346
202 284
229 214
204 172
194 162
219 160
220 148
225 138
244 137
258 150
212 137
218 126
234 124
210 132
202 141
179 150
165 162
177 194
159 185
159 185
148 189
171 180
175 246
211 257
220 242
229 262
234 239
235 278
228 239
227 227
213 232
210 223
192 216
180 209
187 205
208 206
204 244
208 272
172 247
141 241
159 232
146 256
152 181
151 138
176 147
179 134
171 145
152 127
204 107
210 89
199 100
192 91
185 87
186 93
203 106
206 139
224 165
180 174
154 183
154 187
137 208
100 191
104 189
116 169
116 195
135 211
153 238
181 237
208 210
206 236
223 242
202 257
198 243
223 195
231 181
221 176
224 168
213 169
207 169
200 204
172 195
148 166
189 163
192 160
231 196
250 188
228 200
196 213
180 233
185 249
180 213
155 221
153 197
181 169
181 153
201 160
203 161
205 153
213 160
209 159
194 172
188 191
202 192
197 188
191 196
167 187
176 193
163 216
138 237
126 206
153 241
150 256
159 223
177 196
177 198
187 208
204 234
202 270
167 273
156 228
191 175
176 164
161 159
184 156
164 127
186 108
228 118
262 152
291 182
289 188
261 187
227 183
199 186
187 194
178 193
181 193
174 220
159 214
133 208
129 168
124 198
155 207
139 192
130 171
126 166
152 169
167 153
168 158
171 159
181 146
152 167
171 166
178 164
193 172
212 207
267 200
317 178
330 152
341 190
364 222
333 255
295 254
240 286
203 268
182 277
150 240
152 231
123 257
97 216
87 235
93 248
84 223
81 179
86 193
74 182
89 153
93 159
133 176
173 189
198 194
168 159
177 145
174 139
195 128
234 119
228 145
229 164
263 165
281 170
304 181
291 196
239 182
205 181
202 210
175 200
206 209
190 210
167 186
159 221
162 250
150 251
177 204
180 179
196 178
202 184
187 188
216 201
263 174
243 163
209 125
145 110
130 93
160 93
166 108
176 130
151 124
125 132
129 142
162 187
174 153
156 147
168 134
169 196
194 204
214 202
224 194
212 185
225 242
213 281
196 244
177 255
194 224
219 220
237 179
287 150
285 158
279 184
222 174
196 167
159 185
168 167
172 171
142 169
134 188
142 176
167 171
173 186
173 214
180 202
186 172
190 164
168 168
161 203
177 210
162 226
149 219
123 214
130 215
137 216
187 249
210 250
237 261
276 250
241 229
222 218
208 242
198 226
217 204
233 198
240 181
252 165
245 189
201 175
207 144
169 147
142 118
131 107
115 127
134 126
154 145
190 135
212 113
216 138
179 173
153 189
154 191
155 164
117 144
119 144
118 143
106 149
116 152
137 163
131 184
128 198
125 212
128 208
161 213
177 180
242 193
258 186
265 161
250 165
231 170
