237 197
242 246
244 277
249 273
203 255
164 271
171 223
188 204
184 216
156 226
162 196
177 195
198 204
173 216
176 225
171 182
156 191
166 158
164 169
164 163
160 180
170 169
174 193
165 175
183 186
203 185
228 203
212 194
176 218
181 203
165 192
136 203
157 225
161 208
184 219
194 220
201 210
211 231
205 225
175 270
184 240
179 259
140 230
126 198
136 172
114 143
84 150
97 121
90 85
119 107
119 105
125 127
100 163
115 196
169 170
192 158
254 223
281 267
327 313
377 299
396 349
361 383
329 356
304 289
261 206
240 187
183 194
126 180
111 149
82 140
72 105
89 111
82 94
116 113
126 128
125 124
157 148
157 142
163 146
183 160
274 204
285 262
313 272
338 286
312 362
270 392
244 357
197 273
190 219
157 207
155 175
151 173
139 169
118 148
130 133
144 125
159 124
175 137
173 161
170 164
169 188
202 192
195 198
159 219
169 233
203 208
211 211
224 224
215 222
193 199
198 198
185 233
174 208
203 201
213 208
215 228
207 241
200 224
207 205
184 192
184 208
177 195
189 171
165 159
174 171
170 167
163 183
159 209
152 186
138 190
147 154
130 185
170 185
130 221
150 225
159 182
202 174
204 194
242 167
244 238
256 275
257 285
265 235
265 284
241 239
191 215
160 204
155 184
164 183
151 152
152 173
151 166
139 175
158 177
182 208
161 250
179 172
208 180
231 175
190 201
186 192
168 213
140 203
145 186
131 167
153 134
141 148
179 166
200 199
156 207
178 200
182 213
203 215
218 220
226 185
243 235
189 242
181 180
166 198
175 171
180 185
183 169
180 188
176 197
174 204
174 237
170 268
159 196
175 175
174 177
150 204
150 187
160 147
191 129
201 158
186 182
197 172
202 187
229 190
204 239
194 245
219 249
220 270
225 248
244 285
258 263
212 247
218 242
234 261
210 254
202 193
179 191
165 155
177 169
159 179
159 172
148 161
171 165
175 145
211 114
220 147
229 179
234 198
235 219
228 218
227 231
213 179
210 220
192 235
180 239
187 217
208 194
204 196
208 201
172 216
141 166
159 154
146 149
152 125
151 140
176 129
179 138
171 189
152 180
204 170
210 219
199 232
192 209
185 255
186 290
203 301
206 289
224 284
180 287
154 238
154 220
137 179
100 171
104 123
116 133
116 119
135 141
153 144
181 133
208 141
206 200
223 187
202 228
198 222
223 195
231 188
221 211
224 216
213 200
207 229
200 274
172 242
148 213
189 217
192 241
231 236
250 216
228 254
196 226
180 193
185 173
180 220
155 215
153 233
181 229
181 173
201 189
203 189
205 198
213 206
209 188
194 221
188 259
202 189
197 163
191 186
167 176
176 159
163 172
138 194
126 212
153 186
150 205
159 172
177 159
177 173
187 152
204 199
202 208
167 213
156 196
191 155
176 151
161 175
184 224
164 193
186 187
228 200
262 234
291 287
289 287
261 275
227 297
199 290
187 273
178 228
181 195
174 170
159 188
133 222
129 170
124 132
155 120
139 129
130 151
126 166
152 144
167 125
168 174
171 188
181 194
152 204
171 222
178 226
193 221
212 234
267 221
317 236
330 270
341 265
364 284
333 297
295 253
240 238
203 215
182 159
150 169
152 174
123 174
97 158
87 161
93 149
84 144
81 112
86 122
74 103
89 80
93 88
133 106
173 152
198 197
168 245
177 215
174 225
195 227
234 252
228 260
229 292
263 266
281 274
304 277
291 301
239 346
205 376
202 322
175 261
206 211
190 190
167 186
159 154
162 166
150 115
177 96
180 137
196 166
202 218
187 205
216 188
263 197
243 231
209 248
145 219
130 166
160 152
166 165
176 185
151 187
125 153
129 128
162 124
174 137
156 167
168 170
169 196
194 212
214 205
224 220
212 259
225 269
213 262
196 232
177 243
194 238
219 252
237 262
287 233
285 248
279 235
222 239
196 217
159 229
168 172
172 176
142 162
134 169
142 130
167 158
173 141
173 181
180 195
186 204
190 168
168 175
161 190
177 204
162 200
149 170
123 178
130 162
137 168
187 147
210 170
237 183
276 207
241 217
222 245
208 270
198 217
217 242
233 229
240 225
252 291
245 254
201 248
207 238
169 221
142 178
131 171
115 161
134 138
154 126
190 135
212 155
216 186
179 209
153 206
154 205
155 163
117 159
119 146
118 158
106 149
116 166
137 165
131 159
128 157
125 185
128 187
161 212
177 208
242 224
258 275
265 288
250 275
231 271
# 0.2651 0.2306
# 0.0085 0.0101
# 0.008 0.011
# 0.0009 0.001
# 0.1757 0.1915
# 0.1785 0.1905
# 0.0702 0.067
# 0.0734 0.0668
# 0.0027 0.0027
# 0.003 0.0033
# 0.214 0.2255
