237 151
242 218
244 244
249 244
203 204
164 177
171 159
188 192
184 177
156 197
162 154
177 150
198 148
173 171
176 151
171 156
156 170
166 172
164 162
164 158
160 186
170 159
174 128
165 199
183 185
203 186
228 178
212 161
176 167
181 161
165 147
136 157
157 161
161 160
184 206
194 190
201 232
211 242
205 240
175 225
184 228
179 227
140 248
126 193
136 132
114 128
84 132
97 108
90 110
119 144
119 152
125 103
100 126
115 137
169 124
192 151
254 154
281 213
327 266
377 286
396 304
361 352
329 343
304 344
261 314
240 293
183 233
126 206
111 144
82 130
72 114
89 103
82 117
116 109
126 120
125 135
157 126
157 119
163 138
183 142
274 170
285 229
313 282
338 362
312 404
270 367
244 312
197 271
190 223
157 160
155 176
151 152
139 176
118 133
130 153
144 162
159 139
175 138
173 178
170 192
169 247
202 225
195 249
159 214
169 210
203 224
211 233
224 242
215 213
193 202
198 217
185 208
174 188
203 163
213 213
215 247
207 241
200 232
207 206
184 195
184 171
177 178
189 162
165 170
174 184
170 181
163 160
159 161
152 171
138 177
147 172
130 175
170 193
130 206
150 204
159 202
202 230
204 230
242 240
244 250
256 255
257 246
265 260
265 233
241 246
191 233
160 212
155 199
164 167
151 182
152 149
151 154
139 142
158 147
182 161
161 201
179 204
208 207
231 191
190 219
186 223
168 202
140 209
145 178
131 176
153 179
141 201
179 145
200 162
156 186
178 200
182 172
203 199
218 249
226 247
243 256
189 268
181 217
166 192
175 194
180 211
183 211
180 205
176 183
174 206
174 175
170 196
159 157
175 136
174 150
150 171
150 150
160 140
191 144
201 169
186 194
197 209
202 210
229 216
204 201
194 226
219 246
220 205
225 218
244 216
258 201
212 243
218 200
234 220
210 193
202 175
179 172
165 188
177 173
159 182
159 173
148 195
171 186
175 201
211 208
220 211
229 221
234 219
235 204
228 246
227 235
213 235
210 206
192 230
180 197
187 191
208 162
204 143
208 161
172 210
141 159
159 180
146 176
152 146
151 163
176 165
179 178
171 222
152 225
204 240
210 221
199 216
192 186
185 159
186 166
203 189
206 210
224 265
180 255
154 270
154 250
137 212
100 166
104 118
116 122
116 122
135 149
153 143
181 180
208 164
206 190
223 168
202 189
198 198
223 197
231 211
221 208
224 244
213 235
207 214
200 228
172 212
148 227
189 218
192 179
231 146
250 181
228 231
196 250
180 229
185 195
180 189
155 171
153 175
181 201
181 203
201 168
203 219
205 209
213 207
209 205
194 204
188 169
202 167
197 173
191 207
167 220
176 228
163 208
138 190
126 177
153 153
150 148
159 177
177 180
177 199
187 218
204 237
202 248
167 218
156 228
191 199
176 199
161 175
184 176
164 162
186 162
228 182
262 247
291 272
289 277
261 272
227 304
199 260
187 289
178 224
181 198
174 170
159 170
133 180
129 147
124 157
155 125
139 156
130 152
126 131
152 124
167 133
168 145
171 175
181 165
152 218
171 173
178 185
193 211
212 259
267 299
317 275
330 323
341 318
364 281
333 329
295 315
240 304
203 229
182 200
150 203
152 167
123 166
97 149
87 137
93 113
84 79
81 78
86 69
74 80
89 74
93 111
133 112
173 125
198 158
168 223
177 248
174 249
195 220
234 279
228 287
229 319
263 303
281 302
304 292
291 267
239 258
205 231
202 236
175 224
206 198
190 161
167 156
159 167
162 153
150 200
177 195
180 181
196 210
202 226
187 201
216 195
263 191
243 190
209 189
145 174
130 175
160 161
166 173
176 192
151 193
125 180
129 156
162 142
174 144
156 184
168 204
169 169
194 195
214 227
224 250
212 273
225 237
213 268
196 291
177 230
194 229
219 235
237 264
287 235
285 262
279 230
222 215
196 240
159 201
168 177
172 159
142 173
134 161
142 162
167 188
173 181
173 181
180 161
186 178
190 207
168 176
161 170
177 159
162 152
149 206
123 228
130 163
137 141
187 151
210 209
237 226
276 273
241 321
222 354
208 382
198 301
217 241
233 213
240 226
252 253
245 237
201 272
207 217
169 173
142 162
131 159
115 146
134 124
154 84
190 134
212 184
216 196
179 181
153 191
154 200
155 216
117 224
119 204
118 212
106 186
116 180
137 180
131 168
128 150
125 146
128 140
161 164
177 186
242 201
258 214
265 272
250 318
231 316
# 0.2651 0.2306
# 0.0085 0.0099
# 0.008 0.0121
# 0.0009 0.0007
# 0.1757 0.1887
# 0.1785 0.1879
# 0.0702 0.0676
# 0.0734 0.0628
# 0.0027 0.0045
# 0.003 0.0049
# 0.214 0.2303
