237 541
242 433
244 341
249 254
203 186
164 164
171 133
188 105
184 76
156 52
162 54
177 55
198 44
173 49
176 65
171 90
156 120
166 168
164 169
164 215
160 249
170 278
174 308
165 333
183 317
203 338
228 285
212 237
176 235
181 214
165 166
136 143
157 131
161 157
184 165
194 186
201 179
211 159
205 161
175 148
184 155
179 152
140 151
126 142
136 136
114 161
84 157
97 133
90 127
119 144
119 170
125 174
100 166
115 174
169 187
192 191
254 198
281 187
327 221
377 209
396 208
361 205
329 188
304 178
261 165
240 182
183 168
126 166
111 192
82 222
72 231
89 220
82 208
116 186
126 179
125 183
157 158
157 185
163 182
183 190
274 184
285 183
313 180
338 181
312 173
270 155
244 112
197 95
190 115
157 116
155 140
151 158
139 167
118 155
130 185
144 186
159 153
175 154
173 206
170 233
169 250
202 271
195 275
159 277
169 269
203 274
211 251
224 245
215 245
193 234
198 175
185 141
174 98
203 94
213 98
215 109
207 107
200 115
207 136
184 122
184 171
177 170
189 164
165 159
174 149
170 141
163 153
159 159
152 171
138 186
147 191
130 212
170 218
130 218
150 236
159 252
202 241
204 250
242 236
244 210
256 257
257 249
265 214
265 176
241 193
191 160
160 117
155 133
164 137
151 149
152 161
151 164
139 157
158 190
182 201
161 209
179 224
208 196
231 235
190 288
186 251
168 202
140 195
145 197
131 229
153 223
141 237
179 222
200 176
156 188
178 181
182 161
203 122
218 125
226 108
243 114
189 112
181 74
166 81
175 87
180 107
183 124
180 146
176 190
174 196
174 176
170 192
159 184
175 205
174 242
150 258
150 248
160 259
191 274
201 256
186 320
197 310
202 301
229 263
204 265
194 195
219 163
220 144
225 98
244 97
258 107
212 109
218 112
234 126
210 122
202 109
179 88
165 115
177 155
159 201
159 239
148 215
171 191
175 198
211 210
220 192
229 232
234 240
235 267
228 262
227 262
213 275
210 243
192 183
180 171
187 164
208 150
204 146
208 127
172 138
141 148
159 140
146 162
152 167
151 145
176 213
179 206
171 191
152 178
204 195
210 206
199 180
192 163
185 190
186 176
203 145
206 163
224 140
180 139
154 134
154 148
137 142
100 142
104 147
116 164
116 182
135 192
153 213
181 238
208 279
206 309
223 286
202 279
198 280
223 242
231 221
221 208
224 223
213 221
207 252
200 238
172 204
148 195
189 183
192 183
231 183
250 150
228 136
196 93
180 96
185 86
180 72
155 60
153 65
181 102
181 125
201 136
203 144
205 183
213 168
209 183
194 229
188 229
202 243
197 274
191 264
167 278
176 264
163 270
138 226
126 232
153 211
150 181
159 210
177 183
177 169
187 144
204 126
202 123
167 119
156 86
191 94
176 112
161 133
184 167
164 180
186 211
228 252
262 230
291 255
289 270
261 282
227 249
199 209
187 178
178 168
181 163
174 155
159 157
133 130
129 120
124 131
155 163
139 152
130 190
126 198
152 178
167 173
168 210
171 189
181 264
152 259
171 270
178 281
193 282
212 285
267 301
317 310
330 298
341 292
364 258
333 204
295 173
240 138
203 117
182 109
150 117
152 125
123 124
97 122
87 140
93 137
84 157
81 168
86 172
74 194
89 179
93 166
133 153
173 149
198 131
168 117
177 119
174 111
195 102
234 113
228 127
229 149
263 169
281 199
304 244
291 306
239 302
205 322
202 371
175 370
206 354
190 321
167 279
159 225
162 164
150 159
177 166
180 132
196 124
202 107
187 121
216 131
263 104
243 116
209 135
145 192
130 175
160 182
166 183
176 184
151 225
125 220
129 215
162 242
174 269
156 214
168 216
169 202
194 201
214 181
224 170
212 173
225 196
213 218
196 250
177 226
194 244
219 220
237 234
287 253
285 233
279 240
222 213
196 178
159 155
168 134
172 116
142 107
134 103
142 132
167 135
173 129
173 119
180 156
186 182
190 197
168 203
161 226
177 215
162 213
149 202
123 202
130 242
137 235
187 216
210 235
237 227
276 206
241 191
222 154
208 141
198 162
217 185
233 195
240 221
252 187
245 173
201 177
207 140
169 139
142 145
131 225
115 241
134 267
154 269
190 238
212 229
216 217
179 173
153 149
154 159
155 174
117 174
119 171
118 167
106 161
116 158
137 150
131 155
128 143
125 141
128 123
161 136
177 140
242 162
258 169
265 183
250 173
231 212
