237 4080 3649
242 4051 3661
244 4008 3689
249 3986 3712
203 3943 3753
164 3948 3754
171 3960 3731
188 3994 3706
184 4010 3687
156 4017 3688
162 4022 3671
177 4069 3640
198 4069 3626
173 4091 3599
176 4135 3561
171 4139 3575
156 4153 3574
166 4190 3546
164 4190 3544
164 4199 3551
160 4200 3558
170 4224 3547
174 4245 3527
165 4253 3533
183 4246 3539
203 4276 3505
228 4248 3535
212 4229 3563
176 4230 3575
181 4279 3534
165 4300 3525
136 4295 3535
157 4288 3539
161 4296 3516
184 4303 3504
194 4330 3500
201 4294 3535
211 4267 3557
205 4266 3559
175 4253 3576
184 4257 3582
179 4258 3588
140 4261 3592
126 4312 3552
136 4356 3525
114 4385 3513
84 4456 3460
97 4560 3374
90 4629 3322
119 4688 3281
119 4717 3260
125 4748 3236
100 4782 3218
115 4809 3188
169 4826 3175
192 4802 3194
254 4735 3242
281 4604 3325
327 4482 3409
377 4338 3498
396 4127 3642
361 3960 3770
329 3800 3894
304 3664 3993
261 3588 4056
240 3535 4097
183 3543 4095
126 3568 4080
111 3646 4007
82 3734 3950
72 3842 3866
89 3954 3780
82 4048 3700
116 4153 3603
126 4214 3561
125 4256 3525
157 4285 3511
157 4317 3487
163 4363 3458
183 4393 3426
274 4341 3442
285 4240 3518
313 4107 3603
338 3974 3691
312 3856 3786
270 3761 3855
244 3717 3883
197 3725 3879
190 3737 3872
157 3760 3853
155 3818 3826
151 3864 3799
139 3897 3782
118 3990 3719
130 4072 3662
144 4145 3605
159 4186 3585
175 4191 3575
173 4202 3570
170 4193 3580
169 4199 3580
202 4196 3586
195 4193 3588
159 4192 3600
169 4228 3567
203 4230 3558
211 4196 3577
224 4153 3603
215 4081 3652
193 4063 3667
198 4035 3670
185 4009 3694
174 4007 3696
203 4007 3677
213 4002 3683
215 4003 3684
207 3963 3715
200 3969 3704
207 3969 3703
184 3968 3718
184 3918 3742
177 3961 3702
189 4005 3673
165 4001 3678
174 4065 3627
170 4063 3626
163 4112 3607
159 4121 3612
152 4164 3570
138 4214 3547
147 4221 3552
130 4258 3545
170 4311 3500
130 4365 3483
150 4423 3447
159 4415 3446
202 4405 3444
204 4352 3491
242 4299 3527
244 4263 3561
256 4203 3597
257 4155 3624
265 4114 3650
265 4046 3692
241 4003 3737
191 3963 3775
160 3971 3776
155 3991 3755
164 4056 3703
151 4101 3669
152 4132 3659
151 4162 3631
139 4199 3605
158 4266 3570
182 4267 3555
161 4241 3564
179 4264 3538
208 4227 3564
231 4209 3579
190 4149 3613
186 4143 3617
168 4152 3631
140 4160 3637
145 4224 3593
131 4275 3556
153 4309 3529
141 4328 3528
179 4343 3508
200 4354 3515
156 4347 3528
178 4363 3518
182 4347 3526
203 4322 3542
218 4276 3574
226 4230 3613
243 4190 3636
189 4141 3697
181 4165 3681
166 4202 3652
175 4218 3637
180 4263 3615
183 4242 3623
180 4254 3608
176 4269 3592
174 4284 3586
174 4283 3586
170 4309 3575
159 4307 3580
175 4330 3554
174 4355 3545
150 4349 3549
150 4400 3521
160 4425 3501
191 4466 3469
201 4444 3479
186 4438 3497
197 4428 3507
202 4413 3512
229 4355 3536
204 4324 3552
194 4301 3569
219 4270 3588
220 4255 3614
225 4243 3618
244 4211 3635
258 4142 3689
212 4048 3773
218 4059 3754
234 4044 3767
210 4012 3794
202 4007 3806
179 3986 3837
165 4029 3803
177 3998 3816
159 4043 3772
159 4062 3743
148 4079 3728
171 4135 3672
175 4147 3655
211 4147 3632
220 4142 3624
229 4094 3656
234 4048 3695
235 4003 3727
228 4006 3720
227 3941 3763
213 3899 3797
210 3856 3830
192 3919 3773
180 3915 3775
187 3926 3749
208 3930 3731
204 3908 3743
208 3902 3733
172 3883 3759
141 3932 3728
159 3973 3692
146 3999 3673
152 4055 3627
151 4080 3603
176 4119 3556
179 4122 3548
171 4173 3524
152 4186 3512
204 4209 3477
210 4186 3484
199 4184 3482
192 4168 3501
185 4190 3483
186 4174 3489
203 4156 3485
206 4153 3476
224 4165 3469
180 4157 3494
154 4154 3497
154 4198 3467
137 4236 3452
100 4273 3437
104 4338 3389
116 4391 3359
116 4445 3321
135 4491 3285
153 4532 3255
181 4517 3254
208 4548 3242
206 4530 3268
223 4479 3303
202 4401 3365
198 4372 3403
223 4349 3418
231 4301 3446
221 4292 3452
224 4213 3522
213 4188 3546
207 4160 3580
200 4159 3583
172 4180 3570
148 4201 3561
189 4206 3553
192 4171 3573
231 4154 3592
250 4106 3634
228 4069 3656
196 4054 3671
180 4044 3691
185 4070 3663
180 4065 3674
155 4079 3669
153 4123 3643
181 4149 3620
181 4200 3580
201 4169 3600
203 4163 3600
205 4095 3658
213 4094 3675
209 4078 3687
194 4104 3672
188 4092 3670
202 4101 3663
197 4078 3683
191 4086 3680
167 4095 3671
176 4105 3661
163 4135 3644
138 4134 3653
126 4201 3605
153 4286 3529
150 4320 3497
159 4356 3464
177 4385 3428
177 4402 3424
187 4383 3447
204 4358 3462
202 4338 3463
167 4338 3474
156 4382 3454
191 4406 3428
176 4391 3438
161 4417 3438
184 4434 3425
164 4447 3425
186 4449 3415
228 4432 3420
262 4379 3451
291 4310 3513
289 4215 3585
261 4142 3649
227 4064 3708
199 4062 3706
187 4069 3690
178 4060 3693
181 4087 3684
174 4113 3666
159 4148 3644
133 4184 3624
129 4214 3611
124 4300 3555
155 4330 3530
139 4343 3525
130 4392 3490
126 4442 3464
152 4471 3432
167 4510 3402
168 4523 3400
171 4561 3366
181 4563 3375
152 4591 3353
171 4608 3345
178 4613 3345
193 4590 3362
212 4609 3356
267 4557 3380
317 4448 3450
330 4318 3546
341 4172 3646
364 4016 3741
333 3855 3868
295 3777 3928
240 3701 3986
203 3673 4011
182 3667 4012
150 3674 3985
152 3728 3944
123 3800 3897
97 3865 3838
87 3933 3787
93 4054 3695
84 4145 3622
81 4260 3537
86 4334 3487
74 4436 3413
89 4532 3335
93 4612 3279
133 4650 3245
173 4662 3237
198 4651 3243
168 4636 3267
177 4635 3282
174 4637 3295
195 4610 3325
234 4548 3362
228 4499 3409
229 4453 3451
263 4370 3496
281 4284 3557
304 4159 3626
291 4041 3728
239 3984 3783
205 3942 3825
202 3969 3804
175 3924 3826
206 3936 3805
190 3905 3829
167 3954 3788
159 4013 3731
162 4012 3721
150 4091 3670
177 4099 3664
180 4104 3660
196 4095 3653
202 4079 3663
187 4044 3691
216 4045 3681
263 4006 3711
243 3920 3787
209 3924 3793
145 3930 3814
130 3988 3779
160 4023 3744
166 4032 3730
176 4061 3708
151 4074 3694
125 4104 3671
129 4161 3619
162 4234 3563
174 4250 3542
156 4246 3538
168 4247 3541
169 4267 3516
194 4297 3486
214 4290 3485
224 4266 3511
212 4211 3548
225 4164 3585
213 4128 3619
196 4100 3653
177 4128 3640
194 4129 3630
219 4092 3660
237 4058 3682
287 4017 3704
285 3960 3741
279 3879 3816
222 3804 3885
196 3802 3884
159 3804 3874
168 3871 3826
172 3892 3805
142 3919 3789
134 3996 3733
142 4046 3679
167 4070 3657
173 4128 3611
173 4149 3599
180 4177 3567
186 4189 3563
190 4193 3555
168 4190 3561
161 4192 3563
177 4215 3546
162 4224 3542
149 4249 3527
123 4303 3496
130 4397 3429
137 4438 3391
187 4466 3358
210 4438 3365
237 4392 3392
276 4312 3450
241 4227 3523
222 4157 3567
208 4124 3579
198 4138 3574
217 4104 3600
233 4075 3616
240 4021 3662
252 3961 3710
245 3892 3768
201 3853 3806
207 3879 3782
169 3871 3783
142 3877 3778
131 3957 3723
115 4040 3679
134 4110 3621
154 4151 3601
190 4171 3589
212 4179 3579
216 4119 3626
179 4145 3622
153 4159 3616
154 4199 3589
155 4246 3550
117 4260 3545
119 4300 3505
118 4342 3480
106 4417 3434
116 4472 3382
137 4532 3342
131 4578 3312
128 4602 3296
125 4609 3303
128 4650 3275
161 4697 3237
177 4683 3243
242 4610 3287
258 4503 3361
265 4406 3436
250 4309 3515
231 4252 3542
