237 541
242 328
244 273
249 236
203 203
164 165
171 148
188 141
184 151
156 144
162 139
177 145
198 157
173 183
176 213
171 225
156 213
166 223
164 196
164 176
160 162
170 191
174 162
165 191
183 195
203 218
228 208
212 182
176 162
181 178
165 192
136 194
157 207
161 183
184 170
194 175
201 167
211 193
205 160
175 186
184 221
179 228
140 226
126 205
136 170
114 151
84 157
97 145
90 175
119 163
119 157
125 134
100 145
115 145
169 120
192 192
254 192
281 218
327 235
377 314
396 362
361 369
329 345
304 292
261 304
240 280
183 227
126 182
111 175
82 122
72 103
89 82
82 99
116 100
126 97
125 141
157 162
157 191
163 181
183 203
274 212
285 272
313 289
338 332
312 310
270 271
244 295
197 248
190 207
157 193
155 164
151 147
139 177
118 135
130 130
144 151
159 155
175 164
173 146
170 192
169 225
202 188
195 217
159 277
169 294
203 276
211 257
224 250
215 248
193 250
198 275
185 243
174 192
203 143
213 156
215 176
207 184
200 169
207 203
184 210
184 196
177 205
189 195
165 211
174 186
170 174
163 159
159 155
152 142
138 156
147 148
130 151
170 141
130 162
150 167
159 229
202 230
204 265
242 298
244 282
256 274
257 262
265 239
265 268
241 247
191 239
160 207
155 187
164 161
151 152
152 140
151 144
139 144
158 129
182 144
161 155
179 181
208 185
231 203
190 188
186 198
168 181
140 203
145 217
131 234
153 175
141 182
179 195
200 215
156 237
178 246
182 250
203 238
218 264
226 253
243 268
189 266
181 258
166 243
175 228
180 203
183 147
180 174
176 194
174 190
174 185
170 185
159 177
175 176
174 195
150 241
150 236
160 237
191 232
201 244
186 228
197 180
202 197
229 188
204 198
194 190
219 185
220 235
225 264
244 246
258 218
212 198
218 214
234 184
210 206
202 197
179 186
165 198
177 187
159 200
159 172
148 177
171 175
175 196
211 196
220 203
229 243
234 215
235 215
228 201
227 197
213 211
210 224
192 209
180 187
187 161
208 174
204 148
208 170
172 171
141 151
159 187
146 199
152 183
151 162
176 173
179 186
171 204
152 194
204 201
210 255
199 238
192 208
185 212
186 214
203 196
206 176
224 186
180 174
154 152
154 147
137 144
100 153
104 119
116 150
116 145
135 134
153 130
181 134
208 165
206 235
223 268
202 239
198 281
223 309
231 265
221 254
224 250
213 237
207 260
200 257
172 269
148 185
189 173
192 188
231 183
250 176
228 176
196 193
180 174
185 163
180 173
155 181
153 188
181 189
181 194
201 225
203 221
205 191
213 183
209 251
194 213
188 209
202 213
197 180
191 200
167 199
176 145
163 171
138 181
126 183
153 150
150 154
159 210
177 193
177 198
187 214
204 194
202 202
167 184
156 191
191 206
176 223
161 217
184 197
164 199
186 177
228 200
262 221
291 277
289 269
261 289
227 311
199 265
187 223
178 228
181 223
174 233
159 179
133 166
129 181
124 180
155 169
139 156
130 166
126 220
152 198
167 236
168 230
171 222
181 184
152 170
171 168
178 214
193 187
212 194
267 198
317 234
330 254
341 253
364 297
333 335
295 303
240 282
203 258
182 227
150 163
152 187
123 147
97 134
87 134
93 147
84 127
81 95
86 99
74 92
89 94
93 90
133 96
173 134
198 175
168 210
177 212
174 217
195 246
234 263
228 266
229 268
263 256
281 304
304 318
291 314
239 305
205 291
202 254
175 219
206 183
190 155
167 176
159 171
162 140
150 162
177 170
180 191
196 201
202 212
187 192
216 218
263 237
243 212
209 258
145 211
130 167
160 152
166 163
176 183
151 209
125 204
129 168
162 173
174 236
156 266
168 265
169 234
194 209
214 177
224 182
212 212
225 223
213 237
196 231
177 224
194 217
219 235
237 279
287 274
285 244
279 303
222 268
196 192
159 197
168 157
172 190
142 182
134 180
142 193
167 158
173 156
173 165
180 174
186 164
190 147
168 179
161 182
177 193
162 184
149 159
123 192
130 158
137 149
187 149
210 169
237 174
276 185
241 214
222 252
208 230
198 244
217 284
233 283
240 254
252 233
245 236
201 232
207 230
169 229
142 194
131 187
115 134
134 120
154 98
190 110
212 140
216 163
179 197
153 225
154 232
155 165
117 170
119 174
118 193
106 189
116 164
137 180
131 152
128 135
125 156
128 156
161 169
177 174
242 198
258 202
265 234
250 255
231 233
# 0.2651 0.2492
# 0.0085 0.0098
# 0.008 0.0107
# 0.0009 0.0006
# 0.1757 0.1827
# 0.1785 0.1885
# 0.0702 0.0714
# 0.0734 0.0696
# 0.0027 0.002
# 0.003 0.0022
# 0.214 0.2133
